2013-08-21T17:46:09+02:00 8d4b4833 Payment result: ACK
2013-08-21T17:47:05+02:00 bec2c1bb Permitting lottery for transaction 7ckrnt3hheyebdoj2ibxmnlchupcchicfeu6rf7l
2013-08-21T17:47:05+02:00 938008ef Updating customer information for transaction 7ckrnt3hheyebdoj2ibxmnlchupcchicfeu6rf7l
2013-08-21T17:47:05+02:00 76f13786 Customer:<?xml version="1.0" encoding="UTF-8"?>
<Response version="1.0">
  <Query>
    <Processing code="90.00">
      <Timestamp>2013-08-21 15:47:05</Timestamp>
      <Result>ACK</Result>
      <Status code="90">NEW</Status>
      <Reason code="00">Successful Processing</Reason>
      <Return code="000.000.000" internal="CODE_OK">Transaction succeeded</Return>
    </Processing>
    <ResultSet count="1">
      <Result>
        <Transaction response="ASYNC">
          <Login>
            <ProjectID>1</ProjectID>
          </Login>
          <Processing>
            <Status modified="2013-08-21 15:46:08">RECEIVED</Status>
          </Processing>
          <Customer>
            <Name>
              <Birthdate>2013-08-21</Birthdate>
            </Name>
            <Contact>
              <Email>sfgsdfdf@asdas.de</Email>
            </Contact>
            <Account type="VA">
              <Holder></Holder>
            </Account>
          </Customer>
          <Payment code="VA.QP">
            <Cleared>
              <Amount>0.00</Amount>
              <Currency>EUR</Currency>
              <Usage>freelotto payment</Usage>
              <Date>2013-08-21 15:46:08</Date>
            </Cleared>
          </Payment>
          <Events>
            <Event sequence="0" source="API">
              <Login>
                <User id="1">myusername</User>
              </Login>
              <Identification>
                <UniqueID>7ckrnt3hheyebdoj2ibxmnlchupcchicfeu6rf7l</UniqueID>
                <ShortID>QPN1YNRJ29RD</ShortID>
              </Identification>
              <Processing>
                <Timestamp>2013-08-21 15:46:07</Timestamp>
                <Modified>2013-08-21 15:46:08</Modified>
                <Result>ACK</Result>
                <Reason code="90.00">Successful Processing</Reason>
                <Return code="000.100.112">Request successfully processed in "Merchant in Connector Test Mode"</Return>
              </Processing>
              <Payment code="VA.QP">
                <Presentation>
                  <Amount>0.00</Amount>
                  <Usage>freelotto payment</Usage>
                  <Currency>EUR</Currency>
                </Presentation>
              </Payment>
            </Event>
          </Events>
        </Transaction>
      </Result>
    </ResultSet>
  </Query>
</Response>

2013-08-21T17:47:08+02:00 bec2c1bb Permitting lottery for transaction 7ckrnt3hheyebdoj2ibxmnlchupcchicfeu6rf7l
2013-08-21T17:47:08+02:00 938008ef Updating customer information for transaction 7ckrnt3hheyebdoj2ibxmnlchupcchicfeu6rf7l
2013-08-21T17:47:08+02:00 70a1be61 Customer:<?xml version="1.0" encoding="UTF-8"?>
<Response version="1.0">
  <Query>
    <Processing code="90.00">
      <Timestamp>2013-08-21 15:47:08</Timestamp>
      <Result>ACK</Result>
      <Status code="90">NEW</Status>
      <Reason code="00">Successful Processing</Reason>
      <Return code="000.000.000" internal="CODE_OK">Transaction succeeded</Return>
    </Processing>
    <ResultSet count="1">
      <Result>
        <Transaction response="ASYNC">
          <Login>
            <ProjectID>1</ProjectID>
          </Login>
          <Processing>
            <Status modified="2013-08-21 15:46:08">RECEIVED</Status>
          </Processing>
          <Customer>
            <Name>
              <Birthdate>2013-08-21</Birthdate>
            </Name>
            <Contact>
              <Email>sfgsdfdf@asdas.de</Email>
            </Contact>
            <Account type="VA">
              <Holder></Holder>
            </Account>
          </Customer>
          <Payment code="VA.QP">
            <Cleared>
              <Amount>0.00</Amount>
              <Currency>EUR</Currency>
              <Usage>freelotto payment</Usage>
              <Date>2013-08-21 15:46:08</Date>
            </Cleared>
          </Payment>
          <Events>
            <Event sequence="0" source="API">
              <Login>
                <User id="1">myusername</User>
              </Login>
              <Identification>
                <UniqueID>7ckrnt3hheyebdoj2ibxmnlchupcchicfeu6rf7l</UniqueID>
                <ShortID>QPN1YNRJ29RD</ShortID>
              </Identification>
              <Processing>
                <Timestamp>2013-08-21 15:46:07</Timestamp>
                <Modified>2013-08-21 15:46:08</Modified>
                <Result>ACK</Result>
                <Reason code="90.00">Successful Processing</Reason>
                <Return code="000.100.112">Request successfully processed in "Merchant in Connector Test Mode"</Return>
              </Processing>
              <Payment code="VA.QP">
                <Presentation>
                  <Amount>0.00</Amount>
                  <Usage>freelotto payment</Usage>
                  <Currency>EUR</Currency>
                </Presentation>
              </Payment>
            </Event>
          </Events>
        </Transaction>
      </Result>
    </ResultSet>
  </Query>
</Response>

2013-08-21T17:47:09+02:00 bec2c1bb Permitting lottery for transaction 7ckrnt3hheyebdoj2ibxmnlchupcchicfeu6rf7l
2013-08-21T17:47:09+02:00 938008ef Updating customer information for transaction 7ckrnt3hheyebdoj2ibxmnlchupcchicfeu6rf7l
2013-08-21T17:47:09+02:00 70a1be61 Customer:<?xml version="1.0" encoding="UTF-8"?>
<Response version="1.0">
  <Query>
    <Processing code="90.00">
      <Timestamp>2013-08-21 15:47:08</Timestamp>
      <Result>ACK</Result>
      <Status code="90">NEW</Status>
      <Reason code="00">Successful Processing</Reason>
      <Return code="000.000.000" internal="CODE_OK">Transaction succeeded</Return>
    </Processing>
    <ResultSet count="1">
      <Result>
        <Transaction response="ASYNC">
          <Login>
            <ProjectID>1</ProjectID>
          </Login>
          <Processing>
            <Status modified="2013-08-21 15:46:08">RECEIVED</Status>
          </Processing>
          <Customer>
            <Name>
              <Birthdate>2013-08-21</Birthdate>
            </Name>
            <Contact>
              <Email>sfgsdfdf@asdas.de</Email>
            </Contact>
            <Account type="VA">
              <Holder></Holder>
            </Account>
          </Customer>
          <Payment code="VA.QP">
            <Cleared>
              <Amount>0.00</Amount>
              <Currency>EUR</Currency>
              <Usage>freelotto payment</Usage>
              <Date>2013-08-21 15:46:08</Date>
            </Cleared>
          </Payment>
          <Events>
            <Event sequence="0" source="API">
              <Login>
                <User id="1">myusername</User>
              </Login>
              <Identification>
                <UniqueID>7ckrnt3hheyebdoj2ibxmnlchupcchicfeu6rf7l</UniqueID>
                <ShortID>QPN1YNRJ29RD</ShortID>
              </Identification>
              <Processing>
                <Timestamp>2013-08-21 15:46:07</Timestamp>
                <Modified>2013-08-21 15:46:08</Modified>
                <Result>ACK</Result>
                <Reason code="90.00">Successful Processing</Reason>
                <Return code="000.100.112">Request successfully processed in "Merchant in Connector Test Mode"</Return>
              </Processing>
              <Payment code="VA.QP">
                <Presentation>
                  <Amount>0.00</Amount>
                  <Usage>freelotto payment</Usage>
                  <Currency>EUR</Currency>
                </Presentation>
              </Payment>
            </Event>
          </Events>
        </Transaction>
      </Result>
    </ResultSet>
  </Query>
</Response>

2013-08-21T17:47:09+02:00 eb7cc018 Updating lottery record 5
2013-08-21T17:52:48+02:00 8d4b4833 Payment result: ACK
2013-08-21T17:55:56+02:00 8d4b4833 Payment result: ACK
2013-08-21T18:00:04+02:00 8d4b4833 Payment result: ACK
2013-08-21T18:00:51+02:00 e84debe1 Permitting lottery for transaction 16e4m9t0xq04becap1jn17vb2miqa5izpikth64v
2013-08-21T18:00:51+02:00 c50f22b5 Updating customer information for transaction 16e4m9t0xq04becap1jn17vb2miqa5izpikth64v
2013-08-21T18:00:53+02:00 e84debe1 Permitting lottery for transaction 16e4m9t0xq04becap1jn17vb2miqa5izpikth64v
2013-08-21T18:00:53+02:00 c50f22b5 Updating customer information for transaction 16e4m9t0xq04becap1jn17vb2miqa5izpikth64v
2013-08-21T18:00:53+02:00 e84debe1 Permitting lottery for transaction 16e4m9t0xq04becap1jn17vb2miqa5izpikth64v
2013-08-21T18:00:53+02:00 c50f22b5 Updating customer information for transaction 16e4m9t0xq04becap1jn17vb2miqa5izpikth64v
2013-08-21T18:00:54+02:00 95cdbca5 Updating lottery record 8
2013-08-21T18:01:38+02:00 8d4b4833 Payment result: ACK
2013-08-21T18:02:12+02:00 730cbab9 Permitting lottery for transaction on2lqq9wblfeic7lniehie3ovxv2rwf3zb1y5p0u
2013-08-21T18:02:12+02:00 5e4e73ed Updating customer information for transaction on2lqq9wblfeic7lniehie3ovxv2rwf3zb1y5p0u
2013-08-21T18:02:15+02:00 730cbab9 Permitting lottery for transaction on2lqq9wblfeic7lniehie3ovxv2rwf3zb1y5p0u
2013-08-21T18:02:15+02:00 5e4e73ed Updating customer information for transaction on2lqq9wblfeic7lniehie3ovxv2rwf3zb1y5p0u
2013-08-21T18:02:16+02:00 e2ca8c33 Updating lottery record 9
2013-08-21T18:03:31+02:00 8d4b4833 Payment result: ACK
2013-08-21T18:09:18+02:00 91f95ae4 Permitting lottery for transaction 5reewil29v9kp63jazx3kqiybtmziln8w25p36nl
2013-08-21T18:09:19+02:00 bcbb93b0 Updating customer information for transaction 5reewil29v9kp63jazx3kqiybtmziln8w25p36nl
2013-08-21T18:09:21+02:00 91f95ae4 Permitting lottery for transaction 5reewil29v9kp63jazx3kqiybtmziln8w25p36nl
2013-08-21T18:09:21+02:00 bcbb93b0 Updating customer information for transaction 5reewil29v9kp63jazx3kqiybtmziln8w25p36nl
2013-08-21T18:09:22+02:00 91f95ae4 Permitting lottery for transaction 5reewil29v9kp63jazx3kqiybtmziln8w25p36nl
2013-08-21T18:09:22+02:00 bcbb93b0 Updating customer information for transaction 5reewil29v9kp63jazx3kqiybtmziln8w25p36nl
2013-08-21T18:09:22+02:00 8330feb3 Updating lottery record 10
2013-08-21T18:20:39+02:00 91f95ae4 Permitting lottery for transaction 5reewil29v9kp63jazx3kqiybtmziln8w25p36nl
2013-08-21T18:20:39+02:00 bcbb93b0 Updating customer information for transaction 5reewil29v9kp63jazx3kqiybtmziln8w25p36nl
2013-08-21T18:20:40+02:00 91f95ae4 Permitting lottery for transaction 5reewil29v9kp63jazx3kqiybtmziln8w25p36nl
2013-08-21T18:20:40+02:00 bcbb93b0 Updating customer information for transaction 5reewil29v9kp63jazx3kqiybtmziln8w25p36nl
2013-08-21T18:21:32+02:00 91f95ae4 Permitting lottery for transaction 5reewil29v9kp63jazx3kqiybtmziln8w25p36nl
2013-08-21T18:21:32+02:00 bcbb93b0 Updating customer information for transaction 5reewil29v9kp63jazx3kqiybtmziln8w25p36nl
2013-08-21T18:21:33+02:00 91f95ae4 Permitting lottery for transaction 5reewil29v9kp63jazx3kqiybtmziln8w25p36nl
2013-08-21T18:21:33+02:00 bcbb93b0 Updating customer information for transaction 5reewil29v9kp63jazx3kqiybtmziln8w25p36nl
2013-08-21T18:22:05+02:00 91f95ae4 Permitting lottery for transaction 5reewil29v9kp63jazx3kqiybtmziln8w25p36nl
2013-08-21T18:22:05+02:00 bcbb93b0 Updating customer information for transaction 5reewil29v9kp63jazx3kqiybtmziln8w25p36nl
2013-08-21T18:22:06+02:00 91f95ae4 Permitting lottery for transaction 5reewil29v9kp63jazx3kqiybtmziln8w25p36nl
2013-08-21T18:22:06+02:00 bcbb93b0 Updating customer information for transaction 5reewil29v9kp63jazx3kqiybtmziln8w25p36nl
2013-08-21T18:22:31+02:00 91f95ae4 Permitting lottery for transaction 5reewil29v9kp63jazx3kqiybtmziln8w25p36nl
2013-08-21T18:22:31+02:00 bcbb93b0 Updating customer information for transaction 5reewil29v9kp63jazx3kqiybtmziln8w25p36nl
2013-08-21T18:22:32+02:00 91f95ae4 Permitting lottery for transaction 5reewil29v9kp63jazx3kqiybtmziln8w25p36nl
2013-08-21T18:22:32+02:00 bcbb93b0 Updating customer information for transaction 5reewil29v9kp63jazx3kqiybtmziln8w25p36nl
2013-08-21T18:22:44+02:00 91f95ae4 Permitting lottery for transaction 5reewil29v9kp63jazx3kqiybtmziln8w25p36nl
2013-08-21T18:22:44+02:00 bcbb93b0 Updating customer information for transaction 5reewil29v9kp63jazx3kqiybtmziln8w25p36nl
2013-08-21T18:22:45+02:00 91f95ae4 Permitting lottery for transaction 5reewil29v9kp63jazx3kqiybtmziln8w25p36nl
2013-08-21T18:22:45+02:00 bcbb93b0 Updating customer information for transaction 5reewil29v9kp63jazx3kqiybtmziln8w25p36nl
2013-08-21T18:24:58+02:00 91f95ae4 Permitting lottery for transaction 5reewil29v9kp63jazx3kqiybtmziln8w25p36nl
2013-08-21T18:24:58+02:00 bcbb93b0 Updating customer information for transaction 5reewil29v9kp63jazx3kqiybtmziln8w25p36nl
2013-08-21T18:24:59+02:00 91f95ae4 Permitting lottery for transaction 5reewil29v9kp63jazx3kqiybtmziln8w25p36nl
2013-08-21T18:24:59+02:00 bcbb93b0 Updating customer information for transaction 5reewil29v9kp63jazx3kqiybtmziln8w25p36nl
2013-08-21T18:25:35+02:00 91f95ae4 Permitting lottery for transaction 5reewil29v9kp63jazx3kqiybtmziln8w25p36nl
2013-08-21T18:25:35+02:00 bcbb93b0 Updating customer information for transaction 5reewil29v9kp63jazx3kqiybtmziln8w25p36nl
2013-08-21T18:25:36+02:00 91f95ae4 Permitting lottery for transaction 5reewil29v9kp63jazx3kqiybtmziln8w25p36nl
2013-08-21T18:25:36+02:00 bcbb93b0 Updating customer information for transaction 5reewil29v9kp63jazx3kqiybtmziln8w25p36nl
2013-08-22T17:39:31+02:00 8d4b4833 Payment result: ACK
2013-08-22T17:39:31+02:00 667c781d Could not store lottery in database: Field 'digit1' doesn't have a default value
2013-08-22T17:46:43+02:00 eb6dd736 Permitting lottery for transaction jpyyee1ve7e55zd08b5r2l4cavngf9sjx8g3agki
2013-08-22T17:46:43+02:00 c62f1e62 Updating customer information for transaction jpyyee1ve7e55zd08b5r2l4cavngf9sjx8g3agki
2013-08-22T17:46:44+02:00 eb6dd736 Permitting lottery for transaction jpyyee1ve7e55zd08b5r2l4cavngf9sjx8g3agki
2013-08-22T17:46:44+02:00 c62f1e62 Updating customer information for transaction jpyyee1ve7e55zd08b5r2l4cavngf9sjx8g3agki
2013-08-22T17:46:44+02:00 eb6dd736 Permitting lottery for transaction jpyyee1ve7e55zd08b5r2l4cavngf9sjx8g3agki
2013-08-22T17:46:44+02:00 c62f1e62 Updating customer information for transaction jpyyee1ve7e55zd08b5r2l4cavngf9sjx8g3agki
2013-08-22T17:46:45+02:00 eb6dd736 Permitting lottery for transaction jpyyee1ve7e55zd08b5r2l4cavngf9sjx8g3agki
2013-08-22T17:46:45+02:00 c62f1e62 Updating customer information for transaction jpyyee1ve7e55zd08b5r2l4cavngf9sjx8g3agki
2013-08-22T17:46:45+02:00 eb6dd736 Permitting lottery for transaction jpyyee1ve7e55zd08b5r2l4cavngf9sjx8g3agki
2013-08-22T17:46:45+02:00 c62f1e62 Updating customer information for transaction jpyyee1ve7e55zd08b5r2l4cavngf9sjx8g3agki
2013-08-22T17:46:46+02:00 eb6dd736 Permitting lottery for transaction jpyyee1ve7e55zd08b5r2l4cavngf9sjx8g3agki
2013-08-22T17:46:46+02:00 c62f1e62 Updating customer information for transaction jpyyee1ve7e55zd08b5r2l4cavngf9sjx8g3agki
2013-08-22T17:46:46+02:00 eb6dd736 Permitting lottery for transaction jpyyee1ve7e55zd08b5r2l4cavngf9sjx8g3agki
2013-08-22T17:46:46+02:00 c62f1e62 Updating customer information for transaction jpyyee1ve7e55zd08b5r2l4cavngf9sjx8g3agki
2013-08-22T17:46:47+02:00 eb6dd736 Permitting lottery for transaction jpyyee1ve7e55zd08b5r2l4cavngf9sjx8g3agki
2013-08-22T17:46:47+02:00 c62f1e62 Updating customer information for transaction jpyyee1ve7e55zd08b5r2l4cavngf9sjx8g3agki
2013-08-22T17:46:47+02:00 eb6dd736 Permitting lottery for transaction jpyyee1ve7e55zd08b5r2l4cavngf9sjx8g3agki
2013-08-22T17:46:47+02:00 c62f1e62 Updating customer information for transaction jpyyee1ve7e55zd08b5r2l4cavngf9sjx8g3agki
2013-08-22T17:46:47+02:00 eb6dd736 Permitting lottery for transaction jpyyee1ve7e55zd08b5r2l4cavngf9sjx8g3agki
2013-08-22T17:46:48+02:00 c62f1e62 Updating customer information for transaction jpyyee1ve7e55zd08b5r2l4cavngf9sjx8g3agki
2013-08-22T17:46:48+02:00 eb6dd736 Permitting lottery for transaction jpyyee1ve7e55zd08b5r2l4cavngf9sjx8g3agki
2013-08-22T17:46:48+02:00 c62f1e62 Updating customer information for transaction jpyyee1ve7e55zd08b5r2l4cavngf9sjx8g3agki
2013-08-22T17:46:49+02:00 eb6dd736 Permitting lottery for transaction jpyyee1ve7e55zd08b5r2l4cavngf9sjx8g3agki
2013-08-22T17:46:49+02:00 c62f1e62 Updating customer information for transaction jpyyee1ve7e55zd08b5r2l4cavngf9sjx8g3agki
2013-08-22T17:46:49+02:00 eb6dd736 Permitting lottery for transaction jpyyee1ve7e55zd08b5r2l4cavngf9sjx8g3agki
2013-08-22T17:46:49+02:00 c62f1e62 Updating customer information for transaction jpyyee1ve7e55zd08b5r2l4cavngf9sjx8g3agki
2013-08-22T17:46:50+02:00 eb6dd736 Permitting lottery for transaction jpyyee1ve7e55zd08b5r2l4cavngf9sjx8g3agki
2013-08-22T17:46:50+02:00 c62f1e62 Updating customer information for transaction jpyyee1ve7e55zd08b5r2l4cavngf9sjx8g3agki
2013-08-22T17:46:50+02:00 eb6dd736 Permitting lottery for transaction jpyyee1ve7e55zd08b5r2l4cavngf9sjx8g3agki
2013-08-22T17:46:50+02:00 c62f1e62 Updating customer information for transaction jpyyee1ve7e55zd08b5r2l4cavngf9sjx8g3agki
2013-08-22T17:46:50+02:00 eb6dd736 Permitting lottery for transaction jpyyee1ve7e55zd08b5r2l4cavngf9sjx8g3agki
2013-08-22T17:46:51+02:00 c62f1e62 Updating customer information for transaction jpyyee1ve7e55zd08b5r2l4cavngf9sjx8g3agki
2013-08-22T17:46:51+02:00 eb6dd736 Permitting lottery for transaction jpyyee1ve7e55zd08b5r2l4cavngf9sjx8g3agki
2013-08-22T17:46:51+02:00 c62f1e62 Updating customer information for transaction jpyyee1ve7e55zd08b5r2l4cavngf9sjx8g3agki
2013-08-22T17:46:51+02:00 eb6dd736 Permitting lottery for transaction jpyyee1ve7e55zd08b5r2l4cavngf9sjx8g3agki
2013-08-22T17:46:52+02:00 c62f1e62 Updating customer information for transaction jpyyee1ve7e55zd08b5r2l4cavngf9sjx8g3agki
2013-08-22T17:46:52+02:00 eb6dd736 Permitting lottery for transaction jpyyee1ve7e55zd08b5r2l4cavngf9sjx8g3agki
2013-08-22T17:46:52+02:00 c62f1e62 Updating customer information for transaction jpyyee1ve7e55zd08b5r2l4cavngf9sjx8g3agki
2013-08-22T17:46:53+02:00 eb6dd736 Permitting lottery for transaction jpyyee1ve7e55zd08b5r2l4cavngf9sjx8g3agki
2013-08-22T17:46:53+02:00 c62f1e62 Updating customer information for transaction jpyyee1ve7e55zd08b5r2l4cavngf9sjx8g3agki
2013-08-22T17:46:53+02:00 eb6dd736 Permitting lottery for transaction jpyyee1ve7e55zd08b5r2l4cavngf9sjx8g3agki
2013-08-22T17:46:53+02:00 c62f1e62 Updating customer information for transaction jpyyee1ve7e55zd08b5r2l4cavngf9sjx8g3agki
2013-08-22T17:46:54+02:00 eb6dd736 Permitting lottery for transaction jpyyee1ve7e55zd08b5r2l4cavngf9sjx8g3agki
2013-08-22T17:46:54+02:00 c62f1e62 Updating customer information for transaction jpyyee1ve7e55zd08b5r2l4cavngf9sjx8g3agki
2013-08-22T17:46:54+02:00 eb6dd736 Permitting lottery for transaction jpyyee1ve7e55zd08b5r2l4cavngf9sjx8g3agki
2013-08-22T17:46:54+02:00 c62f1e62 Updating customer information for transaction jpyyee1ve7e55zd08b5r2l4cavngf9sjx8g3agki
2013-08-22T17:46:55+02:00 eb6dd736 Permitting lottery for transaction jpyyee1ve7e55zd08b5r2l4cavngf9sjx8g3agki
2013-08-22T17:46:55+02:00 c62f1e62 Updating customer information for transaction jpyyee1ve7e55zd08b5r2l4cavngf9sjx8g3agki
2013-08-22T17:46:55+02:00 eb6dd736 Permitting lottery for transaction jpyyee1ve7e55zd08b5r2l4cavngf9sjx8g3agki
2013-08-22T17:46:55+02:00 c62f1e62 Updating customer information for transaction jpyyee1ve7e55zd08b5r2l4cavngf9sjx8g3agki
2013-08-22T17:46:56+02:00 eb6dd736 Permitting lottery for transaction jpyyee1ve7e55zd08b5r2l4cavngf9sjx8g3agki
2013-08-22T17:46:56+02:00 c62f1e62 Updating customer information for transaction jpyyee1ve7e55zd08b5r2l4cavngf9sjx8g3agki
2013-08-22T17:46:56+02:00 eb6dd736 Permitting lottery for transaction jpyyee1ve7e55zd08b5r2l4cavngf9sjx8g3agki
2013-08-22T17:46:56+02:00 c62f1e62 Updating customer information for transaction jpyyee1ve7e55zd08b5r2l4cavngf9sjx8g3agki
2013-08-22T17:46:57+02:00 eb6dd736 Permitting lottery for transaction jpyyee1ve7e55zd08b5r2l4cavngf9sjx8g3agki
2013-08-22T17:46:57+02:00 c62f1e62 Updating customer information for transaction jpyyee1ve7e55zd08b5r2l4cavngf9sjx8g3agki
2013-08-22T17:46:57+02:00 eb6dd736 Permitting lottery for transaction jpyyee1ve7e55zd08b5r2l4cavngf9sjx8g3agki
2013-08-22T17:46:57+02:00 c62f1e62 Updating customer information for transaction jpyyee1ve7e55zd08b5r2l4cavngf9sjx8g3agki
2013-08-22T17:46:57+02:00 eb6dd736 Permitting lottery for transaction jpyyee1ve7e55zd08b5r2l4cavngf9sjx8g3agki
2013-08-22T17:46:58+02:00 c62f1e62 Updating customer information for transaction jpyyee1ve7e55zd08b5r2l4cavngf9sjx8g3agki
2013-08-22T17:46:58+02:00 eb6dd736 Permitting lottery for transaction jpyyee1ve7e55zd08b5r2l4cavngf9sjx8g3agki
2013-08-22T17:46:58+02:00 c62f1e62 Updating customer information for transaction jpyyee1ve7e55zd08b5r2l4cavngf9sjx8g3agki
2013-08-22T17:46:59+02:00 eb6dd736 Permitting lottery for transaction jpyyee1ve7e55zd08b5r2l4cavngf9sjx8g3agki
2013-08-22T17:46:59+02:00 c62f1e62 Updating customer information for transaction jpyyee1ve7e55zd08b5r2l4cavngf9sjx8g3agki
2013-08-22T17:46:59+02:00 eb6dd736 Permitting lottery for transaction jpyyee1ve7e55zd08b5r2l4cavngf9sjx8g3agki
2013-08-22T17:46:59+02:00 c62f1e62 Updating customer information for transaction jpyyee1ve7e55zd08b5r2l4cavngf9sjx8g3agki
2013-08-22T17:47:00+02:00 eb6dd736 Permitting lottery for transaction jpyyee1ve7e55zd08b5r2l4cavngf9sjx8g3agki
2013-08-22T17:47:00+02:00 c62f1e62 Updating customer information for transaction jpyyee1ve7e55zd08b5r2l4cavngf9sjx8g3agki
2013-08-22T17:47:00+02:00 eb6dd736 Permitting lottery for transaction jpyyee1ve7e55zd08b5r2l4cavngf9sjx8g3agki
2013-08-22T17:47:00+02:00 c62f1e62 Updating customer information for transaction jpyyee1ve7e55zd08b5r2l4cavngf9sjx8g3agki
2013-08-22T17:47:01+02:00 eb6dd736 Permitting lottery for transaction jpyyee1ve7e55zd08b5r2l4cavngf9sjx8g3agki
2013-08-22T17:47:01+02:00 c62f1e62 Updating customer information for transaction jpyyee1ve7e55zd08b5r2l4cavngf9sjx8g3agki
2013-08-22T17:47:01+02:00 eb6dd736 Permitting lottery for transaction jpyyee1ve7e55zd08b5r2l4cavngf9sjx8g3agki
2013-08-22T17:47:01+02:00 c62f1e62 Updating customer information for transaction jpyyee1ve7e55zd08b5r2l4cavngf9sjx8g3agki
2013-08-22T17:47:02+02:00 eb6dd736 Permitting lottery for transaction jpyyee1ve7e55zd08b5r2l4cavngf9sjx8g3agki
2013-08-22T17:47:02+02:00 c62f1e62 Updating customer information for transaction jpyyee1ve7e55zd08b5r2l4cavngf9sjx8g3agki
2013-08-22T17:47:02+02:00 eb6dd736 Permitting lottery for transaction jpyyee1ve7e55zd08b5r2l4cavngf9sjx8g3agki
2013-08-22T17:47:02+02:00 c62f1e62 Updating customer information for transaction jpyyee1ve7e55zd08b5r2l4cavngf9sjx8g3agki
2013-08-22T17:47:03+02:00 eb6dd736 Permitting lottery for transaction jpyyee1ve7e55zd08b5r2l4cavngf9sjx8g3agki
2013-08-22T17:47:03+02:00 c62f1e62 Updating customer information for transaction jpyyee1ve7e55zd08b5r2l4cavngf9sjx8g3agki
2013-08-22T17:47:03+02:00 eb6dd736 Permitting lottery for transaction jpyyee1ve7e55zd08b5r2l4cavngf9sjx8g3agki
2013-08-22T17:47:03+02:00 c62f1e62 Updating customer information for transaction jpyyee1ve7e55zd08b5r2l4cavngf9sjx8g3agki
2013-08-22T17:47:04+02:00 eb6dd736 Permitting lottery for transaction jpyyee1ve7e55zd08b5r2l4cavngf9sjx8g3agki
2013-08-22T17:47:04+02:00 c62f1e62 Updating customer information for transaction jpyyee1ve7e55zd08b5r2l4cavngf9sjx8g3agki
2013-08-22T17:47:04+02:00 eb6dd736 Permitting lottery for transaction jpyyee1ve7e55zd08b5r2l4cavngf9sjx8g3agki
2013-08-22T17:47:04+02:00 c62f1e62 Updating customer information for transaction jpyyee1ve7e55zd08b5r2l4cavngf9sjx8g3agki
2013-08-22T17:47:05+02:00 eb6dd736 Permitting lottery for transaction jpyyee1ve7e55zd08b5r2l4cavngf9sjx8g3agki
2013-08-22T17:47:05+02:00 c62f1e62 Updating customer information for transaction jpyyee1ve7e55zd08b5r2l4cavngf9sjx8g3agki
2013-08-22T17:47:05+02:00 eb6dd736 Permitting lottery for transaction jpyyee1ve7e55zd08b5r2l4cavngf9sjx8g3agki
2013-08-22T17:47:05+02:00 c62f1e62 Updating customer information for transaction jpyyee1ve7e55zd08b5r2l4cavngf9sjx8g3agki
2013-08-22T17:47:06+02:00 eb6dd736 Permitting lottery for transaction jpyyee1ve7e55zd08b5r2l4cavngf9sjx8g3agki
2013-08-22T17:47:06+02:00 c62f1e62 Updating customer information for transaction jpyyee1ve7e55zd08b5r2l4cavngf9sjx8g3agki
2013-08-22T17:47:06+02:00 eb6dd736 Permitting lottery for transaction jpyyee1ve7e55zd08b5r2l4cavngf9sjx8g3agki
2013-08-22T17:47:06+02:00 c62f1e62 Updating customer information for transaction jpyyee1ve7e55zd08b5r2l4cavngf9sjx8g3agki
2013-08-22T17:47:07+02:00 eb6dd736 Permitting lottery for transaction jpyyee1ve7e55zd08b5r2l4cavngf9sjx8g3agki
2013-08-22T17:47:07+02:00 c62f1e62 Updating customer information for transaction jpyyee1ve7e55zd08b5r2l4cavngf9sjx8g3agki
2013-08-22T17:47:07+02:00 eb6dd736 Permitting lottery for transaction jpyyee1ve7e55zd08b5r2l4cavngf9sjx8g3agki
2013-08-22T17:47:07+02:00 c62f1e62 Updating customer information for transaction jpyyee1ve7e55zd08b5r2l4cavngf9sjx8g3agki
2013-08-22T17:47:08+02:00 eb6dd736 Permitting lottery for transaction jpyyee1ve7e55zd08b5r2l4cavngf9sjx8g3agki
2013-08-22T17:47:08+02:00 c62f1e62 Updating customer information for transaction jpyyee1ve7e55zd08b5r2l4cavngf9sjx8g3agki
2013-08-22T17:47:08+02:00 eb6dd736 Permitting lottery for transaction jpyyee1ve7e55zd08b5r2l4cavngf9sjx8g3agki
2013-08-22T17:47:08+02:00 c62f1e62 Updating customer information for transaction jpyyee1ve7e55zd08b5r2l4cavngf9sjx8g3agki
2013-08-22T17:47:09+02:00 eb6dd736 Permitting lottery for transaction jpyyee1ve7e55zd08b5r2l4cavngf9sjx8g3agki
2013-08-22T17:47:09+02:00 c62f1e62 Updating customer information for transaction jpyyee1ve7e55zd08b5r2l4cavngf9sjx8g3agki
2013-08-22T17:47:09+02:00 eb6dd736 Permitting lottery for transaction jpyyee1ve7e55zd08b5r2l4cavngf9sjx8g3agki
2013-08-22T17:47:09+02:00 c62f1e62 Updating customer information for transaction jpyyee1ve7e55zd08b5r2l4cavngf9sjx8g3agki
2013-08-22T17:47:10+02:00 eb6dd736 Permitting lottery for transaction jpyyee1ve7e55zd08b5r2l4cavngf9sjx8g3agki
2013-08-22T17:47:10+02:00 c62f1e62 Updating customer information for transaction jpyyee1ve7e55zd08b5r2l4cavngf9sjx8g3agki
2013-08-22T17:47:10+02:00 eb6dd736 Permitting lottery for transaction jpyyee1ve7e55zd08b5r2l4cavngf9sjx8g3agki
2013-08-22T17:47:10+02:00 c62f1e62 Updating customer information for transaction jpyyee1ve7e55zd08b5r2l4cavngf9sjx8g3agki
2013-08-22T17:47:11+02:00 eb6dd736 Permitting lottery for transaction jpyyee1ve7e55zd08b5r2l4cavngf9sjx8g3agki
2013-08-22T17:47:11+02:00 c62f1e62 Updating customer information for transaction jpyyee1ve7e55zd08b5r2l4cavngf9sjx8g3agki
2013-08-22T17:47:11+02:00 eb6dd736 Permitting lottery for transaction jpyyee1ve7e55zd08b5r2l4cavngf9sjx8g3agki
2013-08-22T17:47:11+02:00 c62f1e62 Updating customer information for transaction jpyyee1ve7e55zd08b5r2l4cavngf9sjx8g3agki
2013-08-22T17:47:12+02:00 eb6dd736 Permitting lottery for transaction jpyyee1ve7e55zd08b5r2l4cavngf9sjx8g3agki
2013-08-22T17:47:12+02:00 c62f1e62 Updating customer information for transaction jpyyee1ve7e55zd08b5r2l4cavngf9sjx8g3agki
2013-08-22T17:47:12+02:00 eb6dd736 Permitting lottery for transaction jpyyee1ve7e55zd08b5r2l4cavngf9sjx8g3agki
2013-08-22T17:47:12+02:00 c62f1e62 Updating customer information for transaction jpyyee1ve7e55zd08b5r2l4cavngf9sjx8g3agki
2013-08-22T17:47:13+02:00 eb6dd736 Permitting lottery for transaction jpyyee1ve7e55zd08b5r2l4cavngf9sjx8g3agki
2013-08-22T17:47:13+02:00 c62f1e62 Updating customer information for transaction jpyyee1ve7e55zd08b5r2l4cavngf9sjx8g3agki
2013-08-22T17:47:13+02:00 eb6dd736 Permitting lottery for transaction jpyyee1ve7e55zd08b5r2l4cavngf9sjx8g3agki
2013-08-22T17:47:13+02:00 c62f1e62 Updating customer information for transaction jpyyee1ve7e55zd08b5r2l4cavngf9sjx8g3agki
2013-08-22T17:47:14+02:00 eb6dd736 Permitting lottery for transaction jpyyee1ve7e55zd08b5r2l4cavngf9sjx8g3agki
2013-08-22T17:47:14+02:00 c62f1e62 Updating customer information for transaction jpyyee1ve7e55zd08b5r2l4cavngf9sjx8g3agki
2013-08-22T17:47:14+02:00 eb6dd736 Permitting lottery for transaction jpyyee1ve7e55zd08b5r2l4cavngf9sjx8g3agki
2013-08-22T17:47:14+02:00 c62f1e62 Updating customer information for transaction jpyyee1ve7e55zd08b5r2l4cavngf9sjx8g3agki
2013-08-22T17:47:15+02:00 eb6dd736 Permitting lottery for transaction jpyyee1ve7e55zd08b5r2l4cavngf9sjx8g3agki
2013-08-22T17:47:15+02:00 c62f1e62 Updating customer information for transaction jpyyee1ve7e55zd08b5r2l4cavngf9sjx8g3agki
2013-08-22T17:47:15+02:00 eb6dd736 Permitting lottery for transaction jpyyee1ve7e55zd08b5r2l4cavngf9sjx8g3agki
2013-08-22T17:47:15+02:00 c62f1e62 Updating customer information for transaction jpyyee1ve7e55zd08b5r2l4cavngf9sjx8g3agki
2013-08-22T17:47:16+02:00 eb6dd736 Permitting lottery for transaction jpyyee1ve7e55zd08b5r2l4cavngf9sjx8g3agki
2013-08-22T17:47:16+02:00 c62f1e62 Updating customer information for transaction jpyyee1ve7e55zd08b5r2l4cavngf9sjx8g3agki
2013-08-22T17:47:16+02:00 eb6dd736 Permitting lottery for transaction jpyyee1ve7e55zd08b5r2l4cavngf9sjx8g3agki
2013-08-22T17:47:16+02:00 c62f1e62 Updating customer information for transaction jpyyee1ve7e55zd08b5r2l4cavngf9sjx8g3agki
2013-08-22T17:47:17+02:00 eb6dd736 Permitting lottery for transaction jpyyee1ve7e55zd08b5r2l4cavngf9sjx8g3agki
2013-08-22T17:47:17+02:00 c62f1e62 Updating customer information for transaction jpyyee1ve7e55zd08b5r2l4cavngf9sjx8g3agki
2013-08-22T17:47:17+02:00 eb6dd736 Permitting lottery for transaction jpyyee1ve7e55zd08b5r2l4cavngf9sjx8g3agki
2013-08-22T17:47:17+02:00 c62f1e62 Updating customer information for transaction jpyyee1ve7e55zd08b5r2l4cavngf9sjx8g3agki
2013-08-22T17:47:18+02:00 eb6dd736 Permitting lottery for transaction jpyyee1ve7e55zd08b5r2l4cavngf9sjx8g3agki
2013-08-22T17:47:18+02:00 c62f1e62 Updating customer information for transaction jpyyee1ve7e55zd08b5r2l4cavngf9sjx8g3agki
2013-08-22T17:47:18+02:00 eb6dd736 Permitting lottery for transaction jpyyee1ve7e55zd08b5r2l4cavngf9sjx8g3agki
2013-08-22T17:47:18+02:00 c62f1e62 Updating customer information for transaction jpyyee1ve7e55zd08b5r2l4cavngf9sjx8g3agki
2013-08-22T17:47:19+02:00 eb6dd736 Permitting lottery for transaction jpyyee1ve7e55zd08b5r2l4cavngf9sjx8g3agki
2013-08-22T17:47:19+02:00 c62f1e62 Updating customer information for transaction jpyyee1ve7e55zd08b5r2l4cavngf9sjx8g3agki
2013-08-22T17:47:19+02:00 eb6dd736 Permitting lottery for transaction jpyyee1ve7e55zd08b5r2l4cavngf9sjx8g3agki
2013-08-22T17:47:19+02:00 c62f1e62 Updating customer information for transaction jpyyee1ve7e55zd08b5r2l4cavngf9sjx8g3agki
2013-08-22T17:47:20+02:00 eb6dd736 Permitting lottery for transaction jpyyee1ve7e55zd08b5r2l4cavngf9sjx8g3agki
2013-08-22T17:47:20+02:00 c62f1e62 Updating customer information for transaction jpyyee1ve7e55zd08b5r2l4cavngf9sjx8g3agki
2013-08-22T17:47:20+02:00 eb6dd736 Permitting lottery for transaction jpyyee1ve7e55zd08b5r2l4cavngf9sjx8g3agki
2013-08-22T17:47:20+02:00 c62f1e62 Updating customer information for transaction jpyyee1ve7e55zd08b5r2l4cavngf9sjx8g3agki
2013-08-22T17:47:21+02:00 eb6dd736 Permitting lottery for transaction jpyyee1ve7e55zd08b5r2l4cavngf9sjx8g3agki
2013-08-22T17:47:21+02:00 c62f1e62 Updating customer information for transaction jpyyee1ve7e55zd08b5r2l4cavngf9sjx8g3agki
2013-08-22T17:47:21+02:00 eb6dd736 Permitting lottery for transaction jpyyee1ve7e55zd08b5r2l4cavngf9sjx8g3agki
2013-08-22T17:47:21+02:00 c62f1e62 Updating customer information for transaction jpyyee1ve7e55zd08b5r2l4cavngf9sjx8g3agki
2013-08-22T17:47:22+02:00 eb6dd736 Permitting lottery for transaction jpyyee1ve7e55zd08b5r2l4cavngf9sjx8g3agki
2013-08-22T17:47:22+02:00 c62f1e62 Updating customer information for transaction jpyyee1ve7e55zd08b5r2l4cavngf9sjx8g3agki
2013-08-22T17:47:22+02:00 eb6dd736 Permitting lottery for transaction jpyyee1ve7e55zd08b5r2l4cavngf9sjx8g3agki
2013-08-22T17:47:22+02:00 c62f1e62 Updating customer information for transaction jpyyee1ve7e55zd08b5r2l4cavngf9sjx8g3agki
2013-08-22T17:47:23+02:00 eb6dd736 Permitting lottery for transaction jpyyee1ve7e55zd08b5r2l4cavngf9sjx8g3agki
2013-08-22T17:47:23+02:00 c62f1e62 Updating customer information for transaction jpyyee1ve7e55zd08b5r2l4cavngf9sjx8g3agki
2013-08-22T17:47:23+02:00 eb6dd736 Permitting lottery for transaction jpyyee1ve7e55zd08b5r2l4cavngf9sjx8g3agki
2013-08-22T17:47:23+02:00 c62f1e62 Updating customer information for transaction jpyyee1ve7e55zd08b5r2l4cavngf9sjx8g3agki
2013-08-22T17:47:24+02:00 eb6dd736 Permitting lottery for transaction jpyyee1ve7e55zd08b5r2l4cavngf9sjx8g3agki
2013-08-22T17:47:24+02:00 c62f1e62 Updating customer information for transaction jpyyee1ve7e55zd08b5r2l4cavngf9sjx8g3agki
2013-08-22T17:47:24+02:00 eb6dd736 Permitting lottery for transaction jpyyee1ve7e55zd08b5r2l4cavngf9sjx8g3agki
2013-08-22T17:47:24+02:00 c62f1e62 Updating customer information for transaction jpyyee1ve7e55zd08b5r2l4cavngf9sjx8g3agki
2013-08-22T17:47:25+02:00 eb6dd736 Permitting lottery for transaction jpyyee1ve7e55zd08b5r2l4cavngf9sjx8g3agki
2013-08-22T17:47:25+02:00 c62f1e62 Updating customer information for transaction jpyyee1ve7e55zd08b5r2l4cavngf9sjx8g3agki
2013-08-22T17:47:25+02:00 eb6dd736 Permitting lottery for transaction jpyyee1ve7e55zd08b5r2l4cavngf9sjx8g3agki
2013-08-22T17:47:25+02:00 c62f1e62 Updating customer information for transaction jpyyee1ve7e55zd08b5r2l4cavngf9sjx8g3agki
2013-08-22T17:47:26+02:00 eb6dd736 Permitting lottery for transaction jpyyee1ve7e55zd08b5r2l4cavngf9sjx8g3agki
2013-08-22T17:47:26+02:00 c62f1e62 Updating customer information for transaction jpyyee1ve7e55zd08b5r2l4cavngf9sjx8g3agki
2013-08-22T17:47:26+02:00 eb6dd736 Permitting lottery for transaction jpyyee1ve7e55zd08b5r2l4cavngf9sjx8g3agki
2013-08-22T17:47:26+02:00 c62f1e62 Updating customer information for transaction jpyyee1ve7e55zd08b5r2l4cavngf9sjx8g3agki
2013-08-22T17:47:27+02:00 eb6dd736 Permitting lottery for transaction jpyyee1ve7e55zd08b5r2l4cavngf9sjx8g3agki
2013-08-22T17:47:27+02:00 c62f1e62 Updating customer information for transaction jpyyee1ve7e55zd08b5r2l4cavngf9sjx8g3agki
2013-08-22T17:47:27+02:00 eb6dd736 Permitting lottery for transaction jpyyee1ve7e55zd08b5r2l4cavngf9sjx8g3agki
2013-08-22T17:47:27+02:00 c62f1e62 Updating customer information for transaction jpyyee1ve7e55zd08b5r2l4cavngf9sjx8g3agki
2013-08-22T17:47:28+02:00 eb6dd736 Permitting lottery for transaction jpyyee1ve7e55zd08b5r2l4cavngf9sjx8g3agki
2013-08-22T17:47:28+02:00 c62f1e62 Updating customer information for transaction jpyyee1ve7e55zd08b5r2l4cavngf9sjx8g3agki
2013-08-22T17:47:28+02:00 eb6dd736 Permitting lottery for transaction jpyyee1ve7e55zd08b5r2l4cavngf9sjx8g3agki
2013-08-22T17:47:28+02:00 c62f1e62 Updating customer information for transaction jpyyee1ve7e55zd08b5r2l4cavngf9sjx8g3agki
2013-08-22T17:47:29+02:00 eb6dd736 Permitting lottery for transaction jpyyee1ve7e55zd08b5r2l4cavngf9sjx8g3agki
2013-08-22T17:47:29+02:00 c62f1e62 Updating customer information for transaction jpyyee1ve7e55zd08b5r2l4cavngf9sjx8g3agki
2013-08-22T17:47:29+02:00 eb6dd736 Permitting lottery for transaction jpyyee1ve7e55zd08b5r2l4cavngf9sjx8g3agki
2013-08-22T17:47:29+02:00 c62f1e62 Updating customer information for transaction jpyyee1ve7e55zd08b5r2l4cavngf9sjx8g3agki
2013-08-22T17:47:30+02:00 eb6dd736 Permitting lottery for transaction jpyyee1ve7e55zd08b5r2l4cavngf9sjx8g3agki
2013-08-22T17:47:30+02:00 c62f1e62 Updating customer information for transaction jpyyee1ve7e55zd08b5r2l4cavngf9sjx8g3agki
2013-08-22T17:47:30+02:00 eb6dd736 Permitting lottery for transaction jpyyee1ve7e55zd08b5r2l4cavngf9sjx8g3agki
2013-08-22T17:47:30+02:00 c62f1e62 Updating customer information for transaction jpyyee1ve7e55zd08b5r2l4cavngf9sjx8g3agki
2013-08-22T17:47:31+02:00 eb6dd736 Permitting lottery for transaction jpyyee1ve7e55zd08b5r2l4cavngf9sjx8g3agki
2013-08-22T17:47:31+02:00 c62f1e62 Updating customer information for transaction jpyyee1ve7e55zd08b5r2l4cavngf9sjx8g3agki
2013-08-22T17:47:31+02:00 eb6dd736 Permitting lottery for transaction jpyyee1ve7e55zd08b5r2l4cavngf9sjx8g3agki
2013-08-22T17:47:31+02:00 c62f1e62 Updating customer information for transaction jpyyee1ve7e55zd08b5r2l4cavngf9sjx8g3agki
2013-08-22T17:47:32+02:00 eb6dd736 Permitting lottery for transaction jpyyee1ve7e55zd08b5r2l4cavngf9sjx8g3agki
2013-08-22T17:47:32+02:00 c62f1e62 Updating customer information for transaction jpyyee1ve7e55zd08b5r2l4cavngf9sjx8g3agki
2013-08-22T17:47:32+02:00 eb6dd736 Permitting lottery for transaction jpyyee1ve7e55zd08b5r2l4cavngf9sjx8g3agki
2013-08-22T17:47:32+02:00 c62f1e62 Updating customer information for transaction jpyyee1ve7e55zd08b5r2l4cavngf9sjx8g3agki
2013-08-22T17:47:33+02:00 eb6dd736 Permitting lottery for transaction jpyyee1ve7e55zd08b5r2l4cavngf9sjx8g3agki
2013-08-22T17:47:33+02:00 c62f1e62 Updating customer information for transaction jpyyee1ve7e55zd08b5r2l4cavngf9sjx8g3agki
2013-08-22T17:47:33+02:00 eb6dd736 Permitting lottery for transaction jpyyee1ve7e55zd08b5r2l4cavngf9sjx8g3agki
2013-08-22T17:47:33+02:00 c62f1e62 Updating customer information for transaction jpyyee1ve7e55zd08b5r2l4cavngf9sjx8g3agki
2013-08-22T17:47:34+02:00 eb6dd736 Permitting lottery for transaction jpyyee1ve7e55zd08b5r2l4cavngf9sjx8g3agki
2013-08-22T17:47:34+02:00 c62f1e62 Updating customer information for transaction jpyyee1ve7e55zd08b5r2l4cavngf9sjx8g3agki
2013-08-22T17:47:34+02:00 eb6dd736 Permitting lottery for transaction jpyyee1ve7e55zd08b5r2l4cavngf9sjx8g3agki
2013-08-22T17:47:34+02:00 c62f1e62 Updating customer information for transaction jpyyee1ve7e55zd08b5r2l4cavngf9sjx8g3agki
2013-08-22T17:47:35+02:00 eb6dd736 Permitting lottery for transaction jpyyee1ve7e55zd08b5r2l4cavngf9sjx8g3agki
2013-08-22T17:47:35+02:00 c62f1e62 Updating customer information for transaction jpyyee1ve7e55zd08b5r2l4cavngf9sjx8g3agki
2013-08-22T17:47:35+02:00 eb6dd736 Permitting lottery for transaction jpyyee1ve7e55zd08b5r2l4cavngf9sjx8g3agki
2013-08-22T17:47:35+02:00 c62f1e62 Updating customer information for transaction jpyyee1ve7e55zd08b5r2l4cavngf9sjx8g3agki
2013-08-22T17:47:36+02:00 eb6dd736 Permitting lottery for transaction jpyyee1ve7e55zd08b5r2l4cavngf9sjx8g3agki
2013-08-22T17:47:36+02:00 c62f1e62 Updating customer information for transaction jpyyee1ve7e55zd08b5r2l4cavngf9sjx8g3agki
2013-08-22T17:47:36+02:00 eb6dd736 Permitting lottery for transaction jpyyee1ve7e55zd08b5r2l4cavngf9sjx8g3agki
2013-08-22T17:47:36+02:00 c62f1e62 Updating customer information for transaction jpyyee1ve7e55zd08b5r2l4cavngf9sjx8g3agki
2013-08-22T17:47:37+02:00 eb6dd736 Permitting lottery for transaction jpyyee1ve7e55zd08b5r2l4cavngf9sjx8g3agki
2013-08-22T17:47:37+02:00 c62f1e62 Updating customer information for transaction jpyyee1ve7e55zd08b5r2l4cavngf9sjx8g3agki
2013-08-22T17:47:37+02:00 eb6dd736 Permitting lottery for transaction jpyyee1ve7e55zd08b5r2l4cavngf9sjx8g3agki
2013-08-22T17:47:37+02:00 c62f1e62 Updating customer information for transaction jpyyee1ve7e55zd08b5r2l4cavngf9sjx8g3agki
2013-08-22T17:47:38+02:00 eb6dd736 Permitting lottery for transaction jpyyee1ve7e55zd08b5r2l4cavngf9sjx8g3agki
2013-08-22T17:47:38+02:00 c62f1e62 Updating customer information for transaction jpyyee1ve7e55zd08b5r2l4cavngf9sjx8g3agki
2013-08-22T17:47:38+02:00 eb6dd736 Permitting lottery for transaction jpyyee1ve7e55zd08b5r2l4cavngf9sjx8g3agki
2013-08-22T17:47:38+02:00 c62f1e62 Updating customer information for transaction jpyyee1ve7e55zd08b5r2l4cavngf9sjx8g3agki
2013-08-22T17:47:39+02:00 eb6dd736 Permitting lottery for transaction jpyyee1ve7e55zd08b5r2l4cavngf9sjx8g3agki
2013-08-22T17:47:39+02:00 c62f1e62 Updating customer information for transaction jpyyee1ve7e55zd08b5r2l4cavngf9sjx8g3agki
2013-08-22T17:47:39+02:00 eb6dd736 Permitting lottery for transaction jpyyee1ve7e55zd08b5r2l4cavngf9sjx8g3agki
2013-08-22T17:47:39+02:00 c62f1e62 Updating customer information for transaction jpyyee1ve7e55zd08b5r2l4cavngf9sjx8g3agki
2013-08-22T17:47:40+02:00 eb6dd736 Permitting lottery for transaction jpyyee1ve7e55zd08b5r2l4cavngf9sjx8g3agki
2013-08-22T17:47:40+02:00 c62f1e62 Updating customer information for transaction jpyyee1ve7e55zd08b5r2l4cavngf9sjx8g3agki
2013-08-22T17:47:40+02:00 eb6dd736 Permitting lottery for transaction jpyyee1ve7e55zd08b5r2l4cavngf9sjx8g3agki
2013-08-22T17:47:40+02:00 c62f1e62 Updating customer information for transaction jpyyee1ve7e55zd08b5r2l4cavngf9sjx8g3agki
2013-08-22T17:47:41+02:00 eb6dd736 Permitting lottery for transaction jpyyee1ve7e55zd08b5r2l4cavngf9sjx8g3agki
2013-08-22T17:47:41+02:00 c62f1e62 Updating customer information for transaction jpyyee1ve7e55zd08b5r2l4cavngf9sjx8g3agki
2013-08-22T17:47:41+02:00 eb6dd736 Permitting lottery for transaction jpyyee1ve7e55zd08b5r2l4cavngf9sjx8g3agki
2013-08-22T17:47:41+02:00 c62f1e62 Updating customer information for transaction jpyyee1ve7e55zd08b5r2l4cavngf9sjx8g3agki
2013-08-22T17:47:42+02:00 eb6dd736 Permitting lottery for transaction jpyyee1ve7e55zd08b5r2l4cavngf9sjx8g3agki
2013-08-22T17:47:42+02:00 c62f1e62 Updating customer information for transaction jpyyee1ve7e55zd08b5r2l4cavngf9sjx8g3agki
2013-08-22T17:47:42+02:00 eb6dd736 Permitting lottery for transaction jpyyee1ve7e55zd08b5r2l4cavngf9sjx8g3agki
2013-08-22T17:47:42+02:00 c62f1e62 Updating customer information for transaction jpyyee1ve7e55zd08b5r2l4cavngf9sjx8g3agki
2013-08-22T17:47:43+02:00 eb6dd736 Permitting lottery for transaction jpyyee1ve7e55zd08b5r2l4cavngf9sjx8g3agki
2013-08-22T17:47:43+02:00 c62f1e62 Updating customer information for transaction jpyyee1ve7e55zd08b5r2l4cavngf9sjx8g3agki
2013-08-22T17:47:43+02:00 eb6dd736 Permitting lottery for transaction jpyyee1ve7e55zd08b5r2l4cavngf9sjx8g3agki
2013-08-22T17:47:43+02:00 c62f1e62 Updating customer information for transaction jpyyee1ve7e55zd08b5r2l4cavngf9sjx8g3agki
2013-08-22T17:47:44+02:00 eb6dd736 Permitting lottery for transaction jpyyee1ve7e55zd08b5r2l4cavngf9sjx8g3agki
2013-08-22T17:47:44+02:00 c62f1e62 Updating customer information for transaction jpyyee1ve7e55zd08b5r2l4cavngf9sjx8g3agki
2013-08-22T17:47:44+02:00 eb6dd736 Permitting lottery for transaction jpyyee1ve7e55zd08b5r2l4cavngf9sjx8g3agki
2013-08-22T17:47:44+02:00 c62f1e62 Updating customer information for transaction jpyyee1ve7e55zd08b5r2l4cavngf9sjx8g3agki
2013-08-22T17:47:45+02:00 eb6dd736 Permitting lottery for transaction jpyyee1ve7e55zd08b5r2l4cavngf9sjx8g3agki
2013-08-22T17:47:45+02:00 c62f1e62 Updating customer information for transaction jpyyee1ve7e55zd08b5r2l4cavngf9sjx8g3agki
2013-08-22T17:47:45+02:00 eb6dd736 Permitting lottery for transaction jpyyee1ve7e55zd08b5r2l4cavngf9sjx8g3agki
2013-08-22T17:47:45+02:00 c62f1e62 Updating customer information for transaction jpyyee1ve7e55zd08b5r2l4cavngf9sjx8g3agki
2013-08-22T17:47:46+02:00 eb6dd736 Permitting lottery for transaction jpyyee1ve7e55zd08b5r2l4cavngf9sjx8g3agki
2013-08-22T17:47:46+02:00 c62f1e62 Updating customer information for transaction jpyyee1ve7e55zd08b5r2l4cavngf9sjx8g3agki
2013-08-22T17:47:46+02:00 eb6dd736 Permitting lottery for transaction jpyyee1ve7e55zd08b5r2l4cavngf9sjx8g3agki
2013-08-22T17:47:46+02:00 c62f1e62 Updating customer information for transaction jpyyee1ve7e55zd08b5r2l4cavngf9sjx8g3agki
2013-08-22T17:47:47+02:00 eb6dd736 Permitting lottery for transaction jpyyee1ve7e55zd08b5r2l4cavngf9sjx8g3agki
2013-08-22T17:47:47+02:00 c62f1e62 Updating customer information for transaction jpyyee1ve7e55zd08b5r2l4cavngf9sjx8g3agki
2013-08-22T17:47:47+02:00 eb6dd736 Permitting lottery for transaction jpyyee1ve7e55zd08b5r2l4cavngf9sjx8g3agki
2013-08-22T17:47:47+02:00 c62f1e62 Updating customer information for transaction jpyyee1ve7e55zd08b5r2l4cavngf9sjx8g3agki
2013-08-22T17:47:48+02:00 eb6dd736 Permitting lottery for transaction jpyyee1ve7e55zd08b5r2l4cavngf9sjx8g3agki
2013-08-22T17:47:48+02:00 c62f1e62 Updating customer information for transaction jpyyee1ve7e55zd08b5r2l4cavngf9sjx8g3agki
2013-08-22T17:47:48+02:00 eb6dd736 Permitting lottery for transaction jpyyee1ve7e55zd08b5r2l4cavngf9sjx8g3agki
2013-08-22T17:47:48+02:00 c62f1e62 Updating customer information for transaction jpyyee1ve7e55zd08b5r2l4cavngf9sjx8g3agki
2013-08-22T17:47:49+02:00 eb6dd736 Permitting lottery for transaction jpyyee1ve7e55zd08b5r2l4cavngf9sjx8g3agki
2013-08-22T17:47:49+02:00 c62f1e62 Updating customer information for transaction jpyyee1ve7e55zd08b5r2l4cavngf9sjx8g3agki
2013-08-22T17:47:49+02:00 eb6dd736 Permitting lottery for transaction jpyyee1ve7e55zd08b5r2l4cavngf9sjx8g3agki
2013-08-22T17:47:49+02:00 c62f1e62 Updating customer information for transaction jpyyee1ve7e55zd08b5r2l4cavngf9sjx8g3agki
2013-08-22T17:47:50+02:00 eb6dd736 Permitting lottery for transaction jpyyee1ve7e55zd08b5r2l4cavngf9sjx8g3agki
2013-08-22T17:47:50+02:00 c62f1e62 Updating customer information for transaction jpyyee1ve7e55zd08b5r2l4cavngf9sjx8g3agki
2013-08-22T17:47:50+02:00 eb6dd736 Permitting lottery for transaction jpyyee1ve7e55zd08b5r2l4cavngf9sjx8g3agki
2013-08-22T17:47:50+02:00 c62f1e62 Updating customer information for transaction jpyyee1ve7e55zd08b5r2l4cavngf9sjx8g3agki
2013-08-22T17:47:51+02:00 eb6dd736 Permitting lottery for transaction jpyyee1ve7e55zd08b5r2l4cavngf9sjx8g3agki
2013-08-22T17:47:51+02:00 c62f1e62 Updating customer information for transaction jpyyee1ve7e55zd08b5r2l4cavngf9sjx8g3agki
2013-08-22T17:47:51+02:00 eb6dd736 Permitting lottery for transaction jpyyee1ve7e55zd08b5r2l4cavngf9sjx8g3agki
2013-08-22T17:47:51+02:00 c62f1e62 Updating customer information for transaction jpyyee1ve7e55zd08b5r2l4cavngf9sjx8g3agki
2013-08-22T17:47:52+02:00 eb6dd736 Permitting lottery for transaction jpyyee1ve7e55zd08b5r2l4cavngf9sjx8g3agki
2013-08-22T17:47:52+02:00 c62f1e62 Updating customer information for transaction jpyyee1ve7e55zd08b5r2l4cavngf9sjx8g3agki
2013-08-22T17:47:52+02:00 eb6dd736 Permitting lottery for transaction jpyyee1ve7e55zd08b5r2l4cavngf9sjx8g3agki
2013-08-22T17:47:52+02:00 c62f1e62 Updating customer information for transaction jpyyee1ve7e55zd08b5r2l4cavngf9sjx8g3agki
2013-08-22T17:47:53+02:00 eb6dd736 Permitting lottery for transaction jpyyee1ve7e55zd08b5r2l4cavngf9sjx8g3agki
2013-08-22T17:47:53+02:00 c62f1e62 Updating customer information for transaction jpyyee1ve7e55zd08b5r2l4cavngf9sjx8g3agki
2013-08-22T17:47:53+02:00 eb6dd736 Permitting lottery for transaction jpyyee1ve7e55zd08b5r2l4cavngf9sjx8g3agki
2013-08-22T17:47:53+02:00 c62f1e62 Updating customer information for transaction jpyyee1ve7e55zd08b5r2l4cavngf9sjx8g3agki
2013-08-22T17:47:54+02:00 eb6dd736 Permitting lottery for transaction jpyyee1ve7e55zd08b5r2l4cavngf9sjx8g3agki
2013-08-22T17:47:54+02:00 c62f1e62 Updating customer information for transaction jpyyee1ve7e55zd08b5r2l4cavngf9sjx8g3agki
2013-08-22T17:47:54+02:00 eb6dd736 Permitting lottery for transaction jpyyee1ve7e55zd08b5r2l4cavngf9sjx8g3agki
2013-08-22T17:47:54+02:00 c62f1e62 Updating customer information for transaction jpyyee1ve7e55zd08b5r2l4cavngf9sjx8g3agki
2013-08-22T17:47:55+02:00 eb6dd736 Permitting lottery for transaction jpyyee1ve7e55zd08b5r2l4cavngf9sjx8g3agki
2013-08-22T17:47:55+02:00 c62f1e62 Updating customer information for transaction jpyyee1ve7e55zd08b5r2l4cavngf9sjx8g3agki
2013-08-22T17:47:55+02:00 eb6dd736 Permitting lottery for transaction jpyyee1ve7e55zd08b5r2l4cavngf9sjx8g3agki
2013-08-22T17:47:55+02:00 c62f1e62 Updating customer information for transaction jpyyee1ve7e55zd08b5r2l4cavngf9sjx8g3agki
2013-08-22T17:47:56+02:00 eb6dd736 Permitting lottery for transaction jpyyee1ve7e55zd08b5r2l4cavngf9sjx8g3agki
2013-08-22T17:47:56+02:00 c62f1e62 Updating customer information for transaction jpyyee1ve7e55zd08b5r2l4cavngf9sjx8g3agki
2013-08-22T17:47:56+02:00 eb6dd736 Permitting lottery for transaction jpyyee1ve7e55zd08b5r2l4cavngf9sjx8g3agki
2013-08-22T17:47:56+02:00 c62f1e62 Updating customer information for transaction jpyyee1ve7e55zd08b5r2l4cavngf9sjx8g3agki
2013-08-22T17:47:57+02:00 eb6dd736 Permitting lottery for transaction jpyyee1ve7e55zd08b5r2l4cavngf9sjx8g3agki
2013-08-22T17:47:57+02:00 c62f1e62 Updating customer information for transaction jpyyee1ve7e55zd08b5r2l4cavngf9sjx8g3agki
2013-08-22T17:47:57+02:00 eb6dd736 Permitting lottery for transaction jpyyee1ve7e55zd08b5r2l4cavngf9sjx8g3agki
2013-08-22T17:47:57+02:00 c62f1e62 Updating customer information for transaction jpyyee1ve7e55zd08b5r2l4cavngf9sjx8g3agki
2013-08-22T17:47:58+02:00 eb6dd736 Permitting lottery for transaction jpyyee1ve7e55zd08b5r2l4cavngf9sjx8g3agki
2013-08-22T17:47:58+02:00 c62f1e62 Updating customer information for transaction jpyyee1ve7e55zd08b5r2l4cavngf9sjx8g3agki
2013-08-22T17:47:58+02:00 eb6dd736 Permitting lottery for transaction jpyyee1ve7e55zd08b5r2l4cavngf9sjx8g3agki
2013-08-22T17:47:58+02:00 c62f1e62 Updating customer information for transaction jpyyee1ve7e55zd08b5r2l4cavngf9sjx8g3agki
2013-08-22T17:47:59+02:00 eb6dd736 Permitting lottery for transaction jpyyee1ve7e55zd08b5r2l4cavngf9sjx8g3agki
2013-08-22T17:47:59+02:00 c62f1e62 Updating customer information for transaction jpyyee1ve7e55zd08b5r2l4cavngf9sjx8g3agki
2013-08-22T17:47:59+02:00 eb6dd736 Permitting lottery for transaction jpyyee1ve7e55zd08b5r2l4cavngf9sjx8g3agki
2013-08-22T17:47:59+02:00 c62f1e62 Updating customer information for transaction jpyyee1ve7e55zd08b5r2l4cavngf9sjx8g3agki
2013-08-22T17:48:00+02:00 eb6dd736 Permitting lottery for transaction jpyyee1ve7e55zd08b5r2l4cavngf9sjx8g3agki
2013-08-22T17:48:00+02:00 c62f1e62 Updating customer information for transaction jpyyee1ve7e55zd08b5r2l4cavngf9sjx8g3agki
2013-08-22T17:48:00+02:00 eb6dd736 Permitting lottery for transaction jpyyee1ve7e55zd08b5r2l4cavngf9sjx8g3agki
2013-08-22T17:48:00+02:00 c62f1e62 Updating customer information for transaction jpyyee1ve7e55zd08b5r2l4cavngf9sjx8g3agki
2013-08-22T17:48:01+02:00 eb6dd736 Permitting lottery for transaction jpyyee1ve7e55zd08b5r2l4cavngf9sjx8g3agki
2013-08-22T17:48:01+02:00 c62f1e62 Updating customer information for transaction jpyyee1ve7e55zd08b5r2l4cavngf9sjx8g3agki
2013-08-22T17:48:01+02:00 eb6dd736 Permitting lottery for transaction jpyyee1ve7e55zd08b5r2l4cavngf9sjx8g3agki
2013-08-22T17:48:01+02:00 c62f1e62 Updating customer information for transaction jpyyee1ve7e55zd08b5r2l4cavngf9sjx8g3agki
2013-08-22T17:48:02+02:00 eb6dd736 Permitting lottery for transaction jpyyee1ve7e55zd08b5r2l4cavngf9sjx8g3agki
2013-08-22T17:48:02+02:00 c62f1e62 Updating customer information for transaction jpyyee1ve7e55zd08b5r2l4cavngf9sjx8g3agki
2013-08-22T17:48:02+02:00 eb6dd736 Permitting lottery for transaction jpyyee1ve7e55zd08b5r2l4cavngf9sjx8g3agki
2013-08-22T17:48:02+02:00 c62f1e62 Updating customer information for transaction jpyyee1ve7e55zd08b5r2l4cavngf9sjx8g3agki
2013-08-22T17:48:03+02:00 eb6dd736 Permitting lottery for transaction jpyyee1ve7e55zd08b5r2l4cavngf9sjx8g3agki
2013-08-22T17:48:03+02:00 c62f1e62 Updating customer information for transaction jpyyee1ve7e55zd08b5r2l4cavngf9sjx8g3agki
2013-08-22T17:48:03+02:00 eb6dd736 Permitting lottery for transaction jpyyee1ve7e55zd08b5r2l4cavngf9sjx8g3agki
2013-08-22T17:48:03+02:00 c62f1e62 Updating customer information for transaction jpyyee1ve7e55zd08b5r2l4cavngf9sjx8g3agki
2013-08-22T17:48:04+02:00 eb6dd736 Permitting lottery for transaction jpyyee1ve7e55zd08b5r2l4cavngf9sjx8g3agki
2013-08-22T17:48:04+02:00 c62f1e62 Updating customer information for transaction jpyyee1ve7e55zd08b5r2l4cavngf9sjx8g3agki
2013-08-22T17:48:04+02:00 eb6dd736 Permitting lottery for transaction jpyyee1ve7e55zd08b5r2l4cavngf9sjx8g3agki
2013-08-22T17:48:04+02:00 c62f1e62 Updating customer information for transaction jpyyee1ve7e55zd08b5r2l4cavngf9sjx8g3agki
2013-08-22T17:48:05+02:00 eb6dd736 Permitting lottery for transaction jpyyee1ve7e55zd08b5r2l4cavngf9sjx8g3agki
2013-08-22T17:48:05+02:00 c62f1e62 Updating customer information for transaction jpyyee1ve7e55zd08b5r2l4cavngf9sjx8g3agki
2013-08-22T17:48:05+02:00 eb6dd736 Permitting lottery for transaction jpyyee1ve7e55zd08b5r2l4cavngf9sjx8g3agki
2013-08-22T17:48:05+02:00 c62f1e62 Updating customer information for transaction jpyyee1ve7e55zd08b5r2l4cavngf9sjx8g3agki
2013-08-22T17:48:06+02:00 eb6dd736 Permitting lottery for transaction jpyyee1ve7e55zd08b5r2l4cavngf9sjx8g3agki
2013-08-22T17:48:06+02:00 c62f1e62 Updating customer information for transaction jpyyee1ve7e55zd08b5r2l4cavngf9sjx8g3agki
2013-08-22T17:48:06+02:00 eb6dd736 Permitting lottery for transaction jpyyee1ve7e55zd08b5r2l4cavngf9sjx8g3agki
2013-08-22T17:48:06+02:00 c62f1e62 Updating customer information for transaction jpyyee1ve7e55zd08b5r2l4cavngf9sjx8g3agki
2013-08-22T17:48:07+02:00 eb6dd736 Permitting lottery for transaction jpyyee1ve7e55zd08b5r2l4cavngf9sjx8g3agki
2013-08-22T17:48:07+02:00 c62f1e62 Updating customer information for transaction jpyyee1ve7e55zd08b5r2l4cavngf9sjx8g3agki
2013-08-22T17:48:07+02:00 eb6dd736 Permitting lottery for transaction jpyyee1ve7e55zd08b5r2l4cavngf9sjx8g3agki
2013-08-22T17:48:07+02:00 c62f1e62 Updating customer information for transaction jpyyee1ve7e55zd08b5r2l4cavngf9sjx8g3agki
2013-08-22T17:48:08+02:00 eb6dd736 Permitting lottery for transaction jpyyee1ve7e55zd08b5r2l4cavngf9sjx8g3agki
2013-08-22T17:48:08+02:00 c62f1e62 Updating customer information for transaction jpyyee1ve7e55zd08b5r2l4cavngf9sjx8g3agki
2013-08-22T17:48:08+02:00 eb6dd736 Permitting lottery for transaction jpyyee1ve7e55zd08b5r2l4cavngf9sjx8g3agki
2013-08-22T17:48:08+02:00 c62f1e62 Updating customer information for transaction jpyyee1ve7e55zd08b5r2l4cavngf9sjx8g3agki
2013-08-22T17:48:09+02:00 eb6dd736 Permitting lottery for transaction jpyyee1ve7e55zd08b5r2l4cavngf9sjx8g3agki
2013-08-22T17:48:09+02:00 c62f1e62 Updating customer information for transaction jpyyee1ve7e55zd08b5r2l4cavngf9sjx8g3agki
2013-08-22T17:48:10+02:00 eb6dd736 Permitting lottery for transaction jpyyee1ve7e55zd08b5r2l4cavngf9sjx8g3agki
2013-08-22T17:48:10+02:00 c62f1e62 Updating customer information for transaction jpyyee1ve7e55zd08b5r2l4cavngf9sjx8g3agki
2013-08-22T17:48:11+02:00 eb6dd736 Permitting lottery for transaction jpyyee1ve7e55zd08b5r2l4cavngf9sjx8g3agki
2013-08-22T17:48:11+02:00 c62f1e62 Updating customer information for transaction jpyyee1ve7e55zd08b5r2l4cavngf9sjx8g3agki
2013-08-22T17:48:12+02:00 eb6dd736 Permitting lottery for transaction jpyyee1ve7e55zd08b5r2l4cavngf9sjx8g3agki
2013-08-22T17:48:12+02:00 c62f1e62 Updating customer information for transaction jpyyee1ve7e55zd08b5r2l4cavngf9sjx8g3agki
2013-08-22T17:48:13+02:00 eb6dd736 Permitting lottery for transaction jpyyee1ve7e55zd08b5r2l4cavngf9sjx8g3agki
2013-08-22T17:48:13+02:00 c62f1e62 Updating customer information for transaction jpyyee1ve7e55zd08b5r2l4cavngf9sjx8g3agki
2013-08-22T17:48:14+02:00 eb6dd736 Permitting lottery for transaction jpyyee1ve7e55zd08b5r2l4cavngf9sjx8g3agki
2013-08-22T17:48:14+02:00 c62f1e62 Updating customer information for transaction jpyyee1ve7e55zd08b5r2l4cavngf9sjx8g3agki
2013-08-22T17:48:15+02:00 eb6dd736 Permitting lottery for transaction jpyyee1ve7e55zd08b5r2l4cavngf9sjx8g3agki
2013-08-22T17:48:15+02:00 c62f1e62 Updating customer information for transaction jpyyee1ve7e55zd08b5r2l4cavngf9sjx8g3agki
2013-08-22T17:48:16+02:00 eb6dd736 Permitting lottery for transaction jpyyee1ve7e55zd08b5r2l4cavngf9sjx8g3agki
2013-08-22T17:48:16+02:00 c62f1e62 Updating customer information for transaction jpyyee1ve7e55zd08b5r2l4cavngf9sjx8g3agki
2013-08-22T17:48:17+02:00 eb6dd736 Permitting lottery for transaction jpyyee1ve7e55zd08b5r2l4cavngf9sjx8g3agki
2013-08-22T17:48:17+02:00 c62f1e62 Updating customer information for transaction jpyyee1ve7e55zd08b5r2l4cavngf9sjx8g3agki
2013-08-22T17:48:18+02:00 eb6dd736 Permitting lottery for transaction jpyyee1ve7e55zd08b5r2l4cavngf9sjx8g3agki
2013-08-22T17:48:18+02:00 c62f1e62 Updating customer information for transaction jpyyee1ve7e55zd08b5r2l4cavngf9sjx8g3agki
2013-08-22T17:48:19+02:00 eb6dd736 Permitting lottery for transaction jpyyee1ve7e55zd08b5r2l4cavngf9sjx8g3agki
2013-08-22T17:48:19+02:00 c62f1e62 Updating customer information for transaction jpyyee1ve7e55zd08b5r2l4cavngf9sjx8g3agki
2013-08-22T17:48:20+02:00 eb6dd736 Permitting lottery for transaction jpyyee1ve7e55zd08b5r2l4cavngf9sjx8g3agki
2013-08-22T17:48:20+02:00 c62f1e62 Updating customer information for transaction jpyyee1ve7e55zd08b5r2l4cavngf9sjx8g3agki
2013-08-22T17:48:21+02:00 eb6dd736 Permitting lottery for transaction jpyyee1ve7e55zd08b5r2l4cavngf9sjx8g3agki
2013-08-22T17:48:21+02:00 c62f1e62 Updating customer information for transaction jpyyee1ve7e55zd08b5r2l4cavngf9sjx8g3agki
2013-08-22T17:48:22+02:00 eb6dd736 Permitting lottery for transaction jpyyee1ve7e55zd08b5r2l4cavngf9sjx8g3agki
2013-08-22T17:48:22+02:00 c62f1e62 Updating customer information for transaction jpyyee1ve7e55zd08b5r2l4cavngf9sjx8g3agki
2013-08-22T17:48:23+02:00 eb6dd736 Permitting lottery for transaction jpyyee1ve7e55zd08b5r2l4cavngf9sjx8g3agki
2013-08-22T17:48:23+02:00 c62f1e62 Updating customer information for transaction jpyyee1ve7e55zd08b5r2l4cavngf9sjx8g3agki
2013-08-22T17:48:24+02:00 eb6dd736 Permitting lottery for transaction jpyyee1ve7e55zd08b5r2l4cavngf9sjx8g3agki
2013-08-22T17:48:24+02:00 c62f1e62 Updating customer information for transaction jpyyee1ve7e55zd08b5r2l4cavngf9sjx8g3agki
2013-08-22T17:48:25+02:00 eb6dd736 Permitting lottery for transaction jpyyee1ve7e55zd08b5r2l4cavngf9sjx8g3agki
2013-08-22T17:48:25+02:00 c62f1e62 Updating customer information for transaction jpyyee1ve7e55zd08b5r2l4cavngf9sjx8g3agki
2013-08-22T17:48:25+02:00 eb6dd736 Permitting lottery for transaction jpyyee1ve7e55zd08b5r2l4cavngf9sjx8g3agki
2013-08-22T17:48:25+02:00 c62f1e62 Updating customer information for transaction jpyyee1ve7e55zd08b5r2l4cavngf9sjx8g3agki
2013-08-22T17:48:26+02:00 eb6dd736 Permitting lottery for transaction jpyyee1ve7e55zd08b5r2l4cavngf9sjx8g3agki
2013-08-22T17:48:26+02:00 c62f1e62 Updating customer information for transaction jpyyee1ve7e55zd08b5r2l4cavngf9sjx8g3agki
2013-08-22T17:48:27+02:00 eb6dd736 Permitting lottery for transaction jpyyee1ve7e55zd08b5r2l4cavngf9sjx8g3agki
2013-08-22T17:48:27+02:00 c62f1e62 Updating customer information for transaction jpyyee1ve7e55zd08b5r2l4cavngf9sjx8g3agki
2013-08-22T17:48:28+02:00 eb6dd736 Permitting lottery for transaction jpyyee1ve7e55zd08b5r2l4cavngf9sjx8g3agki
2013-08-22T17:48:28+02:00 c62f1e62 Updating customer information for transaction jpyyee1ve7e55zd08b5r2l4cavngf9sjx8g3agki
2013-08-22T17:48:29+02:00 eb6dd736 Permitting lottery for transaction jpyyee1ve7e55zd08b5r2l4cavngf9sjx8g3agki
2013-08-22T17:48:29+02:00 c62f1e62 Updating customer information for transaction jpyyee1ve7e55zd08b5r2l4cavngf9sjx8g3agki
2013-08-22T17:48:30+02:00 eb6dd736 Permitting lottery for transaction jpyyee1ve7e55zd08b5r2l4cavngf9sjx8g3agki
2013-08-22T17:48:30+02:00 c62f1e62 Updating customer information for transaction jpyyee1ve7e55zd08b5r2l4cavngf9sjx8g3agki
2013-08-22T17:48:31+02:00 eb6dd736 Permitting lottery for transaction jpyyee1ve7e55zd08b5r2l4cavngf9sjx8g3agki
2013-08-22T17:48:31+02:00 c62f1e62 Updating customer information for transaction jpyyee1ve7e55zd08b5r2l4cavngf9sjx8g3agki
2013-08-22T17:48:32+02:00 eb6dd736 Permitting lottery for transaction jpyyee1ve7e55zd08b5r2l4cavngf9sjx8g3agki
2013-08-22T17:48:32+02:00 c62f1e62 Updating customer information for transaction jpyyee1ve7e55zd08b5r2l4cavngf9sjx8g3agki
2013-08-22T17:48:33+02:00 eb6dd736 Permitting lottery for transaction jpyyee1ve7e55zd08b5r2l4cavngf9sjx8g3agki
2013-08-22T17:48:33+02:00 c62f1e62 Updating customer information for transaction jpyyee1ve7e55zd08b5r2l4cavngf9sjx8g3agki
2013-08-22T17:48:34+02:00 eb6dd736 Permitting lottery for transaction jpyyee1ve7e55zd08b5r2l4cavngf9sjx8g3agki
2013-08-22T17:48:34+02:00 c62f1e62 Updating customer information for transaction jpyyee1ve7e55zd08b5r2l4cavngf9sjx8g3agki
2013-08-22T17:48:35+02:00 eb6dd736 Permitting lottery for transaction jpyyee1ve7e55zd08b5r2l4cavngf9sjx8g3agki
2013-08-22T17:48:35+02:00 c62f1e62 Updating customer information for transaction jpyyee1ve7e55zd08b5r2l4cavngf9sjx8g3agki
2013-08-22T17:48:36+02:00 eb6dd736 Permitting lottery for transaction jpyyee1ve7e55zd08b5r2l4cavngf9sjx8g3agki
2013-08-22T17:48:36+02:00 c62f1e62 Updating customer information for transaction jpyyee1ve7e55zd08b5r2l4cavngf9sjx8g3agki
2013-08-22T17:48:37+02:00 eb6dd736 Permitting lottery for transaction jpyyee1ve7e55zd08b5r2l4cavngf9sjx8g3agki
2013-08-22T17:48:37+02:00 c62f1e62 Updating customer information for transaction jpyyee1ve7e55zd08b5r2l4cavngf9sjx8g3agki
2013-08-22T17:48:38+02:00 eb6dd736 Permitting lottery for transaction jpyyee1ve7e55zd08b5r2l4cavngf9sjx8g3agki
2013-08-22T17:48:38+02:00 c62f1e62 Updating customer information for transaction jpyyee1ve7e55zd08b5r2l4cavngf9sjx8g3agki
2013-08-22T17:48:39+02:00 eb6dd736 Permitting lottery for transaction jpyyee1ve7e55zd08b5r2l4cavngf9sjx8g3agki
2013-08-22T17:48:39+02:00 c62f1e62 Updating customer information for transaction jpyyee1ve7e55zd08b5r2l4cavngf9sjx8g3agki
2013-08-22T17:48:41+02:00 eb6dd736 Permitting lottery for transaction jpyyee1ve7e55zd08b5r2l4cavngf9sjx8g3agki
2013-08-22T17:48:41+02:00 c62f1e62 Updating customer information for transaction jpyyee1ve7e55zd08b5r2l4cavngf9sjx8g3agki
2013-08-22T17:48:42+02:00 eb6dd736 Permitting lottery for transaction jpyyee1ve7e55zd08b5r2l4cavngf9sjx8g3agki
2013-08-22T17:48:42+02:00 c62f1e62 Updating customer information for transaction jpyyee1ve7e55zd08b5r2l4cavngf9sjx8g3agki
2013-08-22T17:48:43+02:00 eb6dd736 Permitting lottery for transaction jpyyee1ve7e55zd08b5r2l4cavngf9sjx8g3agki
2013-08-22T17:48:43+02:00 c62f1e62 Updating customer information for transaction jpyyee1ve7e55zd08b5r2l4cavngf9sjx8g3agki
2013-08-22T17:48:44+02:00 eb6dd736 Permitting lottery for transaction jpyyee1ve7e55zd08b5r2l4cavngf9sjx8g3agki
2013-08-22T17:48:44+02:00 c62f1e62 Updating customer information for transaction jpyyee1ve7e55zd08b5r2l4cavngf9sjx8g3agki
2013-08-22T17:48:45+02:00 eb6dd736 Permitting lottery for transaction jpyyee1ve7e55zd08b5r2l4cavngf9sjx8g3agki
2013-08-22T17:48:45+02:00 c62f1e62 Updating customer information for transaction jpyyee1ve7e55zd08b5r2l4cavngf9sjx8g3agki
2013-08-22T17:48:46+02:00 eb6dd736 Permitting lottery for transaction jpyyee1ve7e55zd08b5r2l4cavngf9sjx8g3agki
2013-08-22T17:48:46+02:00 c62f1e62 Updating customer information for transaction jpyyee1ve7e55zd08b5r2l4cavngf9sjx8g3agki
2013-08-22T17:48:47+02:00 eb6dd736 Permitting lottery for transaction jpyyee1ve7e55zd08b5r2l4cavngf9sjx8g3agki
2013-08-22T17:48:47+02:00 c62f1e62 Updating customer information for transaction jpyyee1ve7e55zd08b5r2l4cavngf9sjx8g3agki
2013-08-22T17:48:48+02:00 eb6dd736 Permitting lottery for transaction jpyyee1ve7e55zd08b5r2l4cavngf9sjx8g3agki
2013-08-22T17:48:48+02:00 c62f1e62 Updating customer information for transaction jpyyee1ve7e55zd08b5r2l4cavngf9sjx8g3agki
2013-08-22T17:48:49+02:00 eb6dd736 Permitting lottery for transaction jpyyee1ve7e55zd08b5r2l4cavngf9sjx8g3agki
2013-08-22T17:48:49+02:00 c62f1e62 Updating customer information for transaction jpyyee1ve7e55zd08b5r2l4cavngf9sjx8g3agki
2013-08-22T17:48:50+02:00 eb6dd736 Permitting lottery for transaction jpyyee1ve7e55zd08b5r2l4cavngf9sjx8g3agki
2013-08-22T17:48:50+02:00 c62f1e62 Updating customer information for transaction jpyyee1ve7e55zd08b5r2l4cavngf9sjx8g3agki
2013-08-22T17:48:51+02:00 eb6dd736 Permitting lottery for transaction jpyyee1ve7e55zd08b5r2l4cavngf9sjx8g3agki
2013-08-22T17:48:51+02:00 c62f1e62 Updating customer information for transaction jpyyee1ve7e55zd08b5r2l4cavngf9sjx8g3agki
2013-08-22T17:48:52+02:00 eb6dd736 Permitting lottery for transaction jpyyee1ve7e55zd08b5r2l4cavngf9sjx8g3agki
2013-08-22T17:48:52+02:00 c62f1e62 Updating customer information for transaction jpyyee1ve7e55zd08b5r2l4cavngf9sjx8g3agki
2013-08-22T17:48:53+02:00 eb6dd736 Permitting lottery for transaction jpyyee1ve7e55zd08b5r2l4cavngf9sjx8g3agki
2013-08-22T17:48:53+02:00 c62f1e62 Updating customer information for transaction jpyyee1ve7e55zd08b5r2l4cavngf9sjx8g3agki
2013-08-22T17:48:54+02:00 eb6dd736 Permitting lottery for transaction jpyyee1ve7e55zd08b5r2l4cavngf9sjx8g3agki
2013-08-22T17:48:54+02:00 c62f1e62 Updating customer information for transaction jpyyee1ve7e55zd08b5r2l4cavngf9sjx8g3agki
2013-08-22T17:48:55+02:00 eb6dd736 Permitting lottery for transaction jpyyee1ve7e55zd08b5r2l4cavngf9sjx8g3agki
2013-08-22T17:48:55+02:00 c62f1e62 Updating customer information for transaction jpyyee1ve7e55zd08b5r2l4cavngf9sjx8g3agki
2013-08-22T17:48:56+02:00 eb6dd736 Permitting lottery for transaction jpyyee1ve7e55zd08b5r2l4cavngf9sjx8g3agki
2013-08-22T17:48:56+02:00 c62f1e62 Updating customer information for transaction jpyyee1ve7e55zd08b5r2l4cavngf9sjx8g3agki
2013-08-22T17:48:57+02:00 eb6dd736 Permitting lottery for transaction jpyyee1ve7e55zd08b5r2l4cavngf9sjx8g3agki
2013-08-22T17:48:57+02:00 c62f1e62 Updating customer information for transaction jpyyee1ve7e55zd08b5r2l4cavngf9sjx8g3agki
2013-08-22T17:48:58+02:00 eb6dd736 Permitting lottery for transaction jpyyee1ve7e55zd08b5r2l4cavngf9sjx8g3agki
2013-08-22T17:48:58+02:00 c62f1e62 Updating customer information for transaction jpyyee1ve7e55zd08b5r2l4cavngf9sjx8g3agki
2013-08-22T17:48:59+02:00 eb6dd736 Permitting lottery for transaction jpyyee1ve7e55zd08b5r2l4cavngf9sjx8g3agki
2013-08-22T17:48:59+02:00 c62f1e62 Updating customer information for transaction jpyyee1ve7e55zd08b5r2l4cavngf9sjx8g3agki
2013-08-22T17:49:00+02:00 eb6dd736 Permitting lottery for transaction jpyyee1ve7e55zd08b5r2l4cavngf9sjx8g3agki
2013-08-22T17:49:00+02:00 c62f1e62 Updating customer information for transaction jpyyee1ve7e55zd08b5r2l4cavngf9sjx8g3agki
2013-08-22T17:49:01+02:00 eb6dd736 Permitting lottery for transaction jpyyee1ve7e55zd08b5r2l4cavngf9sjx8g3agki
2013-08-22T17:49:01+02:00 c62f1e62 Updating customer information for transaction jpyyee1ve7e55zd08b5r2l4cavngf9sjx8g3agki
2013-08-22T17:49:02+02:00 eb6dd736 Permitting lottery for transaction jpyyee1ve7e55zd08b5r2l4cavngf9sjx8g3agki
2013-08-22T17:49:02+02:00 c62f1e62 Updating customer information for transaction jpyyee1ve7e55zd08b5r2l4cavngf9sjx8g3agki
2013-08-22T17:49:03+02:00 eb6dd736 Permitting lottery for transaction jpyyee1ve7e55zd08b5r2l4cavngf9sjx8g3agki
2013-08-22T17:49:03+02:00 c62f1e62 Updating customer information for transaction jpyyee1ve7e55zd08b5r2l4cavngf9sjx8g3agki
2013-08-22T17:49:04+02:00 eb6dd736 Permitting lottery for transaction jpyyee1ve7e55zd08b5r2l4cavngf9sjx8g3agki
2013-08-22T17:49:04+02:00 c62f1e62 Updating customer information for transaction jpyyee1ve7e55zd08b5r2l4cavngf9sjx8g3agki
2013-08-22T17:49:05+02:00 eb6dd736 Permitting lottery for transaction jpyyee1ve7e55zd08b5r2l4cavngf9sjx8g3agki
2013-08-22T17:49:05+02:00 c62f1e62 Updating customer information for transaction jpyyee1ve7e55zd08b5r2l4cavngf9sjx8g3agki
2013-08-22T17:49:06+02:00 eb6dd736 Permitting lottery for transaction jpyyee1ve7e55zd08b5r2l4cavngf9sjx8g3agki
2013-08-22T17:49:06+02:00 c62f1e62 Updating customer information for transaction jpyyee1ve7e55zd08b5r2l4cavngf9sjx8g3agki
2013-08-22T17:49:07+02:00 eb6dd736 Permitting lottery for transaction jpyyee1ve7e55zd08b5r2l4cavngf9sjx8g3agki
2013-08-22T17:49:07+02:00 c62f1e62 Updating customer information for transaction jpyyee1ve7e55zd08b5r2l4cavngf9sjx8g3agki
2013-08-22T17:49:08+02:00 eb6dd736 Permitting lottery for transaction jpyyee1ve7e55zd08b5r2l4cavngf9sjx8g3agki
2013-08-22T17:49:08+02:00 c62f1e62 Updating customer information for transaction jpyyee1ve7e55zd08b5r2l4cavngf9sjx8g3agki
2013-08-22T17:49:09+02:00 eb6dd736 Permitting lottery for transaction jpyyee1ve7e55zd08b5r2l4cavngf9sjx8g3agki
2013-08-22T17:49:09+02:00 c62f1e62 Updating customer information for transaction jpyyee1ve7e55zd08b5r2l4cavngf9sjx8g3agki
2013-08-22T17:49:10+02:00 eb6dd736 Permitting lottery for transaction jpyyee1ve7e55zd08b5r2l4cavngf9sjx8g3agki
2013-08-22T17:49:10+02:00 c62f1e62 Updating customer information for transaction jpyyee1ve7e55zd08b5r2l4cavngf9sjx8g3agki
2013-08-22T17:49:11+02:00 eb6dd736 Permitting lottery for transaction jpyyee1ve7e55zd08b5r2l4cavngf9sjx8g3agki
2013-08-22T17:49:11+02:00 c62f1e62 Updating customer information for transaction jpyyee1ve7e55zd08b5r2l4cavngf9sjx8g3agki
2013-08-22T17:49:12+02:00 eb6dd736 Permitting lottery for transaction jpyyee1ve7e55zd08b5r2l4cavngf9sjx8g3agki
2013-08-22T17:49:12+02:00 c62f1e62 Updating customer information for transaction jpyyee1ve7e55zd08b5r2l4cavngf9sjx8g3agki
2013-08-22T17:49:13+02:00 eb6dd736 Permitting lottery for transaction jpyyee1ve7e55zd08b5r2l4cavngf9sjx8g3agki
2013-08-22T17:49:13+02:00 c62f1e62 Updating customer information for transaction jpyyee1ve7e55zd08b5r2l4cavngf9sjx8g3agki
2013-08-22T17:49:14+02:00 eb6dd736 Permitting lottery for transaction jpyyee1ve7e55zd08b5r2l4cavngf9sjx8g3agki
2013-08-22T17:49:14+02:00 c62f1e62 Updating customer information for transaction jpyyee1ve7e55zd08b5r2l4cavngf9sjx8g3agki
2013-08-22T17:49:15+02:00 eb6dd736 Permitting lottery for transaction jpyyee1ve7e55zd08b5r2l4cavngf9sjx8g3agki
2013-08-22T17:49:15+02:00 c62f1e62 Updating customer information for transaction jpyyee1ve7e55zd08b5r2l4cavngf9sjx8g3agki
2013-08-22T17:49:16+02:00 eb6dd736 Permitting lottery for transaction jpyyee1ve7e55zd08b5r2l4cavngf9sjx8g3agki
2013-08-22T17:49:16+02:00 c62f1e62 Updating customer information for transaction jpyyee1ve7e55zd08b5r2l4cavngf9sjx8g3agki
2013-08-22T17:49:17+02:00 eb6dd736 Permitting lottery for transaction jpyyee1ve7e55zd08b5r2l4cavngf9sjx8g3agki
2013-08-22T17:49:17+02:00 c62f1e62 Updating customer information for transaction jpyyee1ve7e55zd08b5r2l4cavngf9sjx8g3agki
2013-08-22T17:49:18+02:00 eb6dd736 Permitting lottery for transaction jpyyee1ve7e55zd08b5r2l4cavngf9sjx8g3agki
2013-08-22T17:49:18+02:00 c62f1e62 Updating customer information for transaction jpyyee1ve7e55zd08b5r2l4cavngf9sjx8g3agki
2013-08-22T17:49:19+02:00 eb6dd736 Permitting lottery for transaction jpyyee1ve7e55zd08b5r2l4cavngf9sjx8g3agki
2013-08-22T17:49:19+02:00 c62f1e62 Updating customer information for transaction jpyyee1ve7e55zd08b5r2l4cavngf9sjx8g3agki
2013-08-22T17:49:20+02:00 eb6dd736 Permitting lottery for transaction jpyyee1ve7e55zd08b5r2l4cavngf9sjx8g3agki
2013-08-22T17:49:20+02:00 c62f1e62 Updating customer information for transaction jpyyee1ve7e55zd08b5r2l4cavngf9sjx8g3agki
2013-08-22T17:49:21+02:00 eb6dd736 Permitting lottery for transaction jpyyee1ve7e55zd08b5r2l4cavngf9sjx8g3agki
2013-08-22T17:49:21+02:00 c62f1e62 Updating customer information for transaction jpyyee1ve7e55zd08b5r2l4cavngf9sjx8g3agki
2013-08-22T17:49:22+02:00 eb6dd736 Permitting lottery for transaction jpyyee1ve7e55zd08b5r2l4cavngf9sjx8g3agki
2013-08-22T17:49:22+02:00 c62f1e62 Updating customer information for transaction jpyyee1ve7e55zd08b5r2l4cavngf9sjx8g3agki
2013-08-22T17:49:23+02:00 eb6dd736 Permitting lottery for transaction jpyyee1ve7e55zd08b5r2l4cavngf9sjx8g3agki
2013-08-22T17:49:23+02:00 c62f1e62 Updating customer information for transaction jpyyee1ve7e55zd08b5r2l4cavngf9sjx8g3agki
2013-08-22T17:49:24+02:00 eb6dd736 Permitting lottery for transaction jpyyee1ve7e55zd08b5r2l4cavngf9sjx8g3agki
2013-08-22T17:49:24+02:00 c62f1e62 Updating customer information for transaction jpyyee1ve7e55zd08b5r2l4cavngf9sjx8g3agki
2013-08-22T17:49:25+02:00 eb6dd736 Permitting lottery for transaction jpyyee1ve7e55zd08b5r2l4cavngf9sjx8g3agki
2013-08-22T17:49:25+02:00 c62f1e62 Updating customer information for transaction jpyyee1ve7e55zd08b5r2l4cavngf9sjx8g3agki
2013-08-22T17:49:26+02:00 eb6dd736 Permitting lottery for transaction jpyyee1ve7e55zd08b5r2l4cavngf9sjx8g3agki
2013-08-22T17:49:26+02:00 c62f1e62 Updating customer information for transaction jpyyee1ve7e55zd08b5r2l4cavngf9sjx8g3agki
2013-08-22T17:49:27+02:00 eb6dd736 Permitting lottery for transaction jpyyee1ve7e55zd08b5r2l4cavngf9sjx8g3agki
2013-08-22T17:49:27+02:00 c62f1e62 Updating customer information for transaction jpyyee1ve7e55zd08b5r2l4cavngf9sjx8g3agki
2013-08-22T17:49:28+02:00 eb6dd736 Permitting lottery for transaction jpyyee1ve7e55zd08b5r2l4cavngf9sjx8g3agki
2013-08-22T17:49:28+02:00 c62f1e62 Updating customer information for transaction jpyyee1ve7e55zd08b5r2l4cavngf9sjx8g3agki
2013-08-22T17:49:29+02:00 eb6dd736 Permitting lottery for transaction jpyyee1ve7e55zd08b5r2l4cavngf9sjx8g3agki
2013-08-22T17:49:29+02:00 c62f1e62 Updating customer information for transaction jpyyee1ve7e55zd08b5r2l4cavngf9sjx8g3agki
2013-08-22T17:49:30+02:00 eb6dd736 Permitting lottery for transaction jpyyee1ve7e55zd08b5r2l4cavngf9sjx8g3agki
2013-08-22T17:49:30+02:00 c62f1e62 Updating customer information for transaction jpyyee1ve7e55zd08b5r2l4cavngf9sjx8g3agki
2013-08-22T17:49:31+02:00 eb6dd736 Permitting lottery for transaction jpyyee1ve7e55zd08b5r2l4cavngf9sjx8g3agki
2013-08-22T17:49:31+02:00 c62f1e62 Updating customer information for transaction jpyyee1ve7e55zd08b5r2l4cavngf9sjx8g3agki
2013-08-22T17:49:32+02:00 eb6dd736 Permitting lottery for transaction jpyyee1ve7e55zd08b5r2l4cavngf9sjx8g3agki
2013-08-22T17:49:32+02:00 c62f1e62 Updating customer information for transaction jpyyee1ve7e55zd08b5r2l4cavngf9sjx8g3agki
2013-08-22T17:49:33+02:00 eb6dd736 Permitting lottery for transaction jpyyee1ve7e55zd08b5r2l4cavngf9sjx8g3agki
2013-08-22T17:49:33+02:00 c62f1e62 Updating customer information for transaction jpyyee1ve7e55zd08b5r2l4cavngf9sjx8g3agki
2013-08-22T17:49:36+02:00 eb6dd736 Permitting lottery for transaction jpyyee1ve7e55zd08b5r2l4cavngf9sjx8g3agki
2013-08-22T17:49:36+02:00 c62f1e62 Updating customer information for transaction jpyyee1ve7e55zd08b5r2l4cavngf9sjx8g3agki
2013-08-22T18:59:17+02:00 8d4b4833 Payment result: ACK
2013-08-22T18:59:17+02:00 6258bd0f Could not store payment customer data in database: Field 'emailsent' doesn't have a default value
2013-08-22T18:59:48+02:00 2f11ef3 Permitting lottery for transaction le7pcjz0pvp4dhvcw4joz0dcssrm4yyug2d44iqf
2013-08-22T18:59:48+02:00 2fb3d7a7 Updating customer information for transaction le7pcjz0pvp4dhvcw4joz0dcssrm4yyug2d44iqf
2013-08-29T08:50:20+02:00 8d4b4833 Payment result: ACK
2013-08-29T09:57:58+02:00 8d4b4833 Payment result: ACK
2013-08-29T10:04:39+02:00 8d4b4833 Payment result: ACK
2013-08-29T10:09:22+02:00 8d4b4833 Payment result: ACK
2013-08-29T10:50:06+02:00 8d4b4833 Payment result: ACK
2013-08-29T10:54:05+02:00 8d4b4833 Payment result: ACK
2013-08-29T10:57:34+02:00 8d4b4833 Payment result: ACK
2013-08-29T11:02:34+02:00 8d4b4833 Payment result: ACK
2013-08-29T11:09:54+02:00 8d4b4833 Payment result: ACK
2013-08-29T11:23:07+02:00 8d4b4833 Payment result: ACK
2013-08-29T11:23:50+02:00 8d4b4833 Payment result: ACK
2013-08-29T11:24:50+02:00 8d4b4833 Payment result: ACK
2013-08-29T11:31:02+02:00 8d4b4833 Payment result: ACK
2013-08-29T11:32:09+02:00 8d4b4833 Payment result: ACK
2013-08-29T11:43:02+02:00 8d4b4833 Payment result: ACK
2013-08-29T11:52:54+02:00 8d4b4833 Payment result: ACK
2013-08-28T23:26:48+02:00 8d4b4833 Payment result: ACK
2013-08-28T23:31:54+02:00 8d4b4833 Payment result: ACK
2013-08-28T23:34:21+02:00 8d4b4833 Payment result: ACK
2013-08-28T23:35:00+02:00 8d4b4833 Payment result: ACK
2013-08-28T23:37:32+02:00 8d4b4833 Payment result: ACK
2013-08-28T23:38:52+02:00 8d4b4833 Payment result: ACK
2013-08-28T23:39:44+02:00 8d4b4833 Payment result: ACK
2013-08-28T23:42:05+02:00 8d4b4833 Payment result: ACK
2013-09-03T09:51:35+02:00 8d4b4833 Payment result: ACK
2013-09-03T09:52:00+02:00 8d4b4833 Payment result: ACK
2013-09-03T09:52:15+02:00 8d4b4833 Payment result: ACK
2013-09-03T14:30:02+02:00 8d4b4833 Payment result: ACK
2013-09-04T15:50:18+02:00 8d4b4833 Payment result: ACK
2013-09-04T16:31:43+02:00 8d4b4833 Payment result: ACK
2013-09-04T17:24:08+02:00 8d4b4833 Payment result: ACK
2013-09-04T18:05:52+02:00 8d4b4833 Payment result: ACK
2013-09-04T18:19:15+02:00 8d4b4833 Payment result: ACK
2013-09-04T18:19:51+02:00 8d4b4833 Payment result: ACK
2013-09-04T18:20:50+02:00 8d4b4833 Payment result: ACK
2013-09-06T11:23:57+02:00 8d4b4833 Payment result: ACK
2013-09-06T12:37:11+02:00 8d4b4833 Payment result: ACK
2013-09-06T14:12:58+02:00 8d4b4833 Payment result: ACK
2013-09-09T08:47:57+02:00 8d4b4833 Payment result: ACK
2013-09-09T09:07:51+02:00 8d4b4833 Payment result: ACK
2013-09-10T00:59:27+02:00 8d4b4833 Payment result: ACK
2013-09-10T15:07:01+02:00 8d4b4833 Payment result: ACK
2013-09-10T15:13:43+02:00 8d4b4833 Payment result: ACK
2013-09-13T12:22:09+02:00 8d4b4833 Payment result: ACK
2013-09-13T12:26:57+02:00 8d4b4833 Payment result: ACK
2013-09-13T14:52:31+02:00 8d4b4833 Payment result: ACK
2013-09-13T14:53:54+02:00 8d4b4833 Payment result: ACK
2013-09-13T14:56:38+02:00 8d4b4833 Payment result: ACK
2013-09-13T14:57:33+02:00 8d4b4833 Payment result: ACK
2013-09-13T14:58:01+02:00 8d4b4833 Payment result: ACK
2013-09-13T14:58:24+02:00 8d4b4833 Payment result: ACK
2013-09-13T15:02:01+02:00 8d4b4833 Payment result: ACK
2013-09-13T15:02:31+02:00 8d4b4833 Payment result: ACK
2013-09-13T15:03:50+02:00 8d4b4833 Payment result: ACK
2013-09-13T15:04:07+02:00 8d4b4833 Payment result: ACK
2013-09-13T15:04:46+02:00 8d4b4833 Payment result: ACK
2013-09-13T15:06:09+02:00 8d4b4833 Payment result: ACK
2013-09-13T15:08:03+02:00 8d4b4833 Payment result: ACK
2013-09-13T15:08:26+02:00 8d4b4833 Payment result: ACK
2013-09-13T15:11:32+02:00 8d4b4833 Payment result: ACK
2013-09-13T15:11:50+02:00 8d4b4833 Payment result: ACK
2013-09-18T13:22:33+02:00 8d4b4833 Payment result: ACK
2013-09-18T13:35:38+02:00 8d4b4833 Payment result: ACK
2013-09-18T14:27:52+02:00 8d4b4833 Payment result: ACK
2013-09-18T14:29:04+02:00 8d4b4833 Payment result: ACK
2013-09-18T14:41:54+02:00 8d4b4833 Payment result: ACK
2013-09-18T15:54:31+02:00 8d4b4833 Payment result: ACK
2013-09-18T16:11:35+02:00 8d4b4833 Payment result: ACK
2013-09-18T16:15:22+02:00 8d4b4833 Payment result: ACK
2013-09-18T16:15:50+02:00 8d4b4833 Payment result: ACK
2013-09-18T16:25:00+02:00 8d4b4833 Payment result: ACK
2013-09-18T16:29:33+02:00 8d4b4833 Payment result: ACK
2013-09-18T16:37:14+02:00 8d4b4833 Payment result: ACK
2013-09-18T16:45:57+02:00 8d4b4833 Payment result: ACK
2013-09-18T17:04:39+02:00 8d4b4833 Payment result: ACK
